<?xml version="1.0" encoding="utf-8"?><testsuites name="pytest tests"><testsuite name="pytest" errors="0" failures="0" skipped="0" tests="1497" time="18.766" timestamp="2026-04-27T17:29:41.753755+00:00" hostname="runnervmeorf1"><testcase classname="assets.evaluators.tests.test_evaluators_behavior.test_bbeh_evaluator_behavior.TestBBEHEvaluatorBehavior" name="test_exact_match_simple" time="0.001" /><testcase classname="assets.evaluators.tests.test_evaluators_behavior.test_bbeh_evaluator_behavior.TestBBEHEvaluatorBehavior" name="test_exact_match_fails" time="0.001" /><testcase classname="assets.evaluators.tests.test_evaluators_behavior.test_bbeh_evaluator_behavior.TestBBEHEvaluatorBehavior" name="test_latex_boxed_answer" time="0.001" /><testcase classname="assets.evaluators.tests.test_evaluators_behavior.test_bbeh_evaluator_behavior.TestBBEHEvaluatorBehavior" name="test_latex_text_answer" time="0.001" /><testcase classname="assets.evaluators.tests.test_evaluators_behavior.test_bbeh_evaluator_behavior.TestBBEHEvaluatorBehavior" name="test_mcq_parenthesized_answer" time="0.000" /><testcase classname="assets.evaluators.tests.test_evaluators_behavior.test_bbeh_evaluator_behavior.TestBBEHEvaluatorBehavior" name="test_numeric_equality" time="0.000" /><testcase classname="assets.evaluators.tests.test_evaluators_behavior.test_bbeh_evaluator_behavior.TestBBEHEvaluatorBehavior" name="test_case_insensitive" time="0.000" /><testcase classname="assets.evaluators.tests.test_evaluators_behavior.test_bbeh_evaluator_behavior.TestBBEHEvaluatorBehavior" name="test_quote_normalization" time="0.000" /><testcase classname="assets.evaluators.tests.test_evaluators_behavior.test_bbeh_evaluator_behavior.TestBBEHEvaluatorBehavior" name="test_bracket_variations" time="0.000" /><testcase classname="assets.evaluators.tests.test_evaluators_behavior.test_bbeh_evaluator_behavior.TestBBEHEvaluatorBehavior" name="test_multiline_response" time="0.000" /><testcase classname="assets.evaluators.tests.test_evaluators_behavior.test_bbeh_evaluator_behavior.TestBBEHEvaluatorBehavior" name="test_empty_response" time="0.000" /><testcase classname="assets.evaluators.tests.test_evaluators_behavior.test_bbeh_evaluator_behavior.TestBBEHEvaluatorBehavior" name="test_empty_ground_truth" time="0.001" /><testcase classname="assets.evaluators.tests.test_evaluators_behavior.test_bleu_score_evaluator_behavior.TestBleuScoreEvaluatorBehavior" name="test_identical_text" time="0.029" /><testcase classname="assets.evaluators.tests.test_evaluators_behavior.test_bleu_score_evaluator_behavior.TestBleuScoreEvaluatorBehavior" name="test_identical_single_word" time="0.003" /><testcase classname="assets.evaluators.tests.test_evaluators_behavior.test_bleu_score_evaluator_behavior.TestBleuScoreEvaluatorBehavior" name="test_high_similarity" time="0.003" /><testcase classname="assets.evaluators.tests.test_evaluators_behavior.test_bleu_score_evaluator_behavior.TestBleuScoreEvaluatorBehavior" name="test_low_similarity" time="0.003" /><testcase classname="assets.evaluators.tests.test_evaluators_behavior.test_bleu_score_evaluator_behavior.TestBleuScoreEvaluatorBehavior" name="test_partial_match" time="0.003" /><testcase classname="assets.evaluators.tests.test_evaluators_behavior.test_bleu_score_evaluator_behavior.TestBleuScoreEvaluatorBehavior" name="test_multi_sentence" time="0.004" /><testcase classname="assets.evaluators.tests.test_evaluators_behavior.test_bleu_score_evaluator_behavior.TestBleuScoreEvaluatorBehavior" name="test_threshold_low_pass" time="0.003" /><testcase classname="assets.evaluators.tests.test_evaluators_behavior.test_bleu_score_evaluator_behavior.TestBleuScoreEvaluatorBehavior" name="test_threshold_high_fail" time="0.003" /><testcase classname="assets.evaluators.tests.test_evaluators_behavior.test_bleu_score_evaluator_behavior.TestBleuScoreEvaluatorBehavior" name="test_threshold_zero" time="0.003" /><testcase classname="assets.evaluators.tests.test_evaluators_behavior.test_bleu_score_evaluator_behavior.TestBleuScoreEvaluatorBehavior" name="test_threshold_one" time="0.003" /><testcase classname="assets.evaluators.tests.test_evaluators_behavior.test_bleu_score_evaluator_behavior.TestBleuScoreEvaluatorBehavior" name="test_default_threshold" time="0.003" /><testcase classname="assets.evaluators.tests.test_evaluators_behavior.test_bleu_score_evaluator_behavior.TestBleuScoreEvaluatorBehavior" name="test_empty_response" time="0.003" /><testcase classname="assets.evaluators.tests.test_evaluators_behavior.test_bleu_score_evaluator_behavior.TestBleuScoreEvaluatorBehavior" name="test_empty_ground_truth" time="0.003" /><testcase classname="assets.evaluators.tests.test_evaluators_behavior.test_bleu_score_evaluator_behavior.TestBleuScoreEvaluatorBehavior" name="test_both_empty" time="0.003" /><testcase classname="assets.evaluators.tests.test_evaluators_behavior.test_bleu_score_evaluator_behavior.TestBleuScoreEvaluatorBehavior" name="test_whitespace_only_response" time="0.003" /><testcase classname="assets.evaluators.tests.test_evaluators_behavior.test_bleu_score_evaluator_behavior.TestBleuScoreEvaluatorBehavior" name="test_single_character" time="0.003" /><testcase classname="assets.evaluators.tests.test_evaluators_behavior.test_bleu_score_evaluator_behavior.TestBleuScoreEvaluatorBehavior" name="test_punctuation_only" time="0.003" /><testcase classname="assets.evaluators.tests.test_evaluators_behavior.test_bleu_score_evaluator_behavior.TestBleuScoreEvaluatorBehavior" name="test_numbers_only" time="0.003" /><testcase classname="assets.evaluators.tests.test_evaluators_behavior.test_bleu_score_evaluator_behavior.TestBleuScoreEvaluatorBehavior" name="test_case_sensitivity_lower_upper" time="0.003" /><testcase classname="assets.evaluators.tests.test_evaluators_behavior.test_bleu_score_evaluator_behavior.TestBleuScoreEvaluatorBehavior" name="test_case_sensitivity_lower_mixed" time="0.003" /><testcase classname="assets.evaluators.tests.test_evaluators_behavior.test_bleu_score_evaluator_behavior.TestBleuScoreEvaluatorBehavior" name="test_special_characters" time="0.003" /><testcase classname="assets.evaluators.tests.test_evaluators_behavior.test_bleu_score_evaluator_behavior.TestBleuScoreEvaluatorBehavior" name="test_unicode_text" time="0.027" /><testcase classname="assets.evaluators.tests.test_evaluators_behavior.test_bleu_score_evaluator_behavior.TestBleuScoreEvaluatorBehavior" name="test_unicode_partial_match" time="0.003" /><testcase classname="assets.evaluators.tests.test_evaluators_behavior.test_bleu_score_evaluator_behavior.TestBleuScoreEvaluatorBehavior" name="test_emoji_text" time="0.003" /><testcase classname="assets.evaluators.tests.test_evaluators_behavior.test_bleu_score_evaluator_behavior.TestBleuScoreEvaluatorBehavior" name="test_long_identical_text" time="0.004" /><testcase classname="assets.evaluators.tests.test_evaluators_behavior.test_bleu_score_evaluator_behavior.TestBleuScoreEvaluatorBehavior" name="test_long_vs_short" time="0.004" /><testcase classname="assets.evaluators.tests.test_evaluators_behavior.test_bleu_score_evaluator_behavior.TestBleuScoreEvaluatorBehavior" name="test_code_text" time="0.003" /><testcase classname="assets.evaluators.tests.test_evaluators_behavior.test_bleu_score_evaluator_behavior.TestBleuScoreEvaluatorBehavior" name="test_numeric_text" time="0.004" /><testcase classname="assets.evaluators.tests.test_evaluators_behavior.test_bleu_score_evaluator_behavior.TestBleuScoreEvaluatorBehavior" name="test_none_response" time="0.001" /><testcase classname="assets.evaluators.tests.test_evaluators_behavior.test_bleu_score_evaluator_behavior.TestBleuScoreEvaluatorBehavior" name="test_none_ground_truth" time="0.000" /><testcase classname="assets.evaluators.tests.test_evaluators_behavior.test_bleu_score_evaluator_behavior.TestBleuScoreEvaluatorBehavior" name="test_both_none" time="0.000" /><testcase classname="assets.evaluators.tests.test_evaluators_behavior.test_bleu_score_evaluator_behavior.TestBleuScoreEvaluatorBehavior" name="test_invalid_response_type_int" time="0.003" /><testcase classname="assets.evaluators.tests.test_evaluators_behavior.test_bleu_score_evaluator_behavior.TestBleuScoreEvaluatorBehavior" name="test_invalid_response_type_list" time="0.003" /><testcase classname="assets.evaluators.tests.test_evaluators_behavior.test_bleu_score_evaluator_behavior.TestBleuScoreEvaluatorBehavior" name="test_invalid_ground_truth_type_dict" time="0.002" /><testcase classname="assets.evaluators.tests.test_evaluators_behavior.test_bleu_score_evaluator_behavior.TestBleuScoreEvaluatorBehavior" name="test_negative_threshold" time="0.003" /><testcase classname="assets.evaluators.tests.test_evaluators_behavior.test_bleu_score_evaluator_behavior.TestBleuScoreEvaluatorBehavior" name="test_threshold_greater_than_one" time="0.003" /><testcase classname="assets.evaluators.tests.test_evaluators_behavior.test_bleu_score_evaluator_behavior.TestBleuScoreEvaluatorBehavior" name="test_string_threshold_type" time="0.003" /><testcase classname="assets.evaluators.tests.test_evaluators_behavior.test_bleu_score_evaluator_behavior.TestBleuScoreEvaluatorBehavior" name="test_none_threshold_type" time="0.003" /><testcase classname="assets.evaluators.tests.test_evaluators_behavior.test_bleu_score_evaluator_behavior.TestBleuScoreEvaluatorBehavior" name="test_same_words_different_order" time="0.003" /><testcase classname="assets.evaluators.tests.test_evaluators_behavior.test_bleu_score_evaluator_behavior.TestBleuScoreEvaluatorBehavior" name="test_reversed_sentence" time="0.003" /><testcase classname="assets.evaluators.tests.test_evaluators_behavior.test_bleu_score_evaluator_behavior.TestBleuScoreEvaluatorBehavior" name="test_repeated_words" time="0.003" /><testcase classname="assets.evaluators.tests.test_evaluators_behavior.test_bleu_score_evaluator_behavior.TestBleuScoreEvaluatorBehavior" name="test_response_contains_ground_truth" time="0.003" /><testcase classname="assets.evaluators.tests.test_evaluators_behavior.test_bleu_score_evaluator_behavior.TestBleuScoreEvaluatorBehavior" name="test_ground_truth_contains_response" time="0.003" /><testcase classname="assets.evaluators.tests.test_evaluators_behavior.test_bleu_score_evaluator_behavior.TestBleuScoreEvaluatorBehavior" name="test_output_contains_required_keys" time="0.003" /><testcase classname="assets.evaluators.tests.test_evaluators_behavior.test_bleu_score_evaluator_behavior.TestBleuScoreEvaluatorBehavior" name="test_output_score_type" time="0.003" /><testcase classname="assets.evaluators.tests.test_evaluators_behavior.test_bleu_score_evaluator_behavior.TestBleuScoreEvaluatorBehavior" name="test_output_result_values" time="0.003" /><testcase classname="assets.evaluators.tests.test_evaluators_behavior.test_bleu_score_evaluator_behavior.TestBleuScoreEvaluatorBehavior" name="test_output_threshold_matches_input" time="0.003" /><testcase classname="assets.evaluators.tests.test_evaluators_behavior.test_coherence_evaluator_behavior.TestCoherenceEvaluatorBehavior" name="test_function_tool_local_calls" time="0.013" /><testcase classname="assets.evaluators.tests.test_evaluators_behavior.test_coherence_evaluator_behavior.TestCoherenceEvaluatorBehavior" name="test_code_interpreter" time="0.007" /><testcase classname="assets.evaluators.tests.test_evaluators_behavior.test_coherence_evaluator_behavior.TestCoherenceEvaluatorBehavior" name="test_bing_grounding" time="0.005" /><testcase classname="assets.evaluators.tests.test_evaluators_behavior.test_coherence_evaluator_behavior.TestCoherenceEvaluatorBehavior" name="test_bing_custom_search" time="0.005" /><testcase classname="assets.evaluators.tests.test_evaluators_behavior.test_coherence_evaluator_behavior.TestCoherenceEvaluatorBehavior" name="test_file_search" time="0.005" /><testcase classname="assets.evaluators.tests.test_evaluators_behavior.test_coherence_evaluator_behavior.TestCoherenceEvaluatorBehavior" name="test_azure_ai_search" time="0.005" /><testcase classname="assets.evaluators.tests.test_evaluators_behavior.test_coherence_evaluator_behavior.TestCoherenceEvaluatorBehavior" name="test_sharepoint_grounding" time="0.005" /><testcase classname="assets.evaluators.tests.test_evaluators_behavior.test_coherence_evaluator_behavior.TestCoherenceEvaluatorBehavior" name="test_fabric_data_agent" time="0.005" /><testcase classname="assets.evaluators.tests.test_evaluators_behavior.test_coherence_evaluator_behavior.TestCoherenceEvaluatorBehavior" name="test_openapi" time="0.005" /><testcase classname="assets.evaluators.tests.test_evaluators_behavior.test_coherence_evaluator_behavior.TestCoherenceEvaluatorBehavior" name="test_web_search" time="0.004" /><testcase classname="assets.evaluators.tests.test_evaluators_behavior.test_coherence_evaluator_behavior.TestCoherenceEvaluatorBehavior" name="test_browser_automation" time="0.003" /><testcase classname="assets.evaluators.tests.test_evaluators_behavior.test_coherence_evaluator_behavior.TestCoherenceEvaluatorBehavior" name="test_computer_use" time="0.004" /><testcase classname="assets.evaluators.tests.test_evaluators_behavior.test_coherence_evaluator_behavior.TestCoherenceEvaluatorBehavior" name="test_image_generation" time="0.004" /><testcase classname="assets.evaluators.tests.test_evaluators_behavior.test_coherence_evaluator_behavior.TestCoherenceEvaluatorBehavior" name="test_memory_search" time="0.004" /><testcase classname="assets.evaluators.tests.test_evaluators_behavior.test_coherence_evaluator_behavior.TestCoherenceEvaluatorBehavior" name="test_kb_mcp" time="0.004" /><testcase classname="assets.evaluators.tests.test_evaluators_behavior.test_coherence_evaluator_behavior.TestCoherenceEvaluatorBehavior" name="test_mcp" time="0.004" /><testcase classname="assets.evaluators.tests.test_evaluators_behavior.test_coherence_evaluator_behavior.TestCoherenceEvaluatorBehavior" name="test_all_valid_inputs" time="0.003" /><testcase classname="assets.evaluators.tests.test_evaluators_behavior.test_coherence_evaluator_behavior.TestCoherenceEvaluatorBehavior" name="test_query_not_present" time="0.003" /><testcase classname="assets.evaluators.tests.test_evaluators_behavior.test_coherence_evaluator_behavior.TestCoherenceEvaluatorBehavior" name="test_query_as_string" time="0.004" /><testcase classname="assets.evaluators.tests.test_evaluators_behavior.test_coherence_evaluator_behavior.TestCoherenceEvaluatorBehavior" name="test_query_invalid_format_as_string" time="0.003" /><testcase classname="assets.evaluators.tests.test_evaluators_behavior.test_coherence_evaluator_behavior.TestCoherenceEvaluatorBehavior" name="test_query_invalid_format" time="0.004" /><testcase classname="assets.evaluators.tests.test_evaluators_behavior.test_coherence_evaluator_behavior.TestCoherenceEvaluatorBehavior" name="test_query_wrong_type" time="0.003" /><testcase classname="assets.evaluators.tests.test_evaluators_behavior.test_coherence_evaluator_behavior.TestCoherenceEvaluatorBehavior" name="test_query_empty_list" time="0.003" /><testcase classname="assets.evaluators.tests.test_evaluators_behavior.test_coherence_evaluator_behavior.TestCoherenceEvaluatorBehavior" name="test_query_missing_role_parameter" time="0.003" /><testcase classname="assets.evaluators.tests.test_evaluators_behavior.test_coherence_evaluator_behavior.TestCoherenceEvaluatorBehavior" name="test_query_valid_system_role_parameter" time="0.004" /><testcase classname="assets.evaluators.tests.test_evaluators_behavior.test_coherence_evaluator_behavior.TestCoherenceEvaluatorBehavior" name="test_query_invalid_role_parameter" time="0.003" /><testcase classname="assets.evaluators.tests.test_evaluators_behavior.test_coherence_evaluator_behavior.TestCoherenceEvaluatorBehavior" name="test_query_missing_content_parameter" time="0.003" /><testcase classname="assets.evaluators.tests.test_evaluators_behavior.test_coherence_evaluator_behavior.TestCoherenceEvaluatorBehavior" name="test_query_empty_content_parameter" time="0.004" /><testcase classname="assets.evaluators.tests.test_evaluators_behavior.test_coherence_evaluator_behavior.TestCoherenceEvaluatorBehavior" name="test_query_invalid_content_parameter_type" time="0.003" /><testcase classname="assets.evaluators.tests.test_evaluators_behavior.test_coherence_evaluator_behavior.TestCoherenceEvaluatorBehavior" name="test_query_valid_content_parameter" time="0.004" /><testcase classname="assets.evaluators.tests.test_evaluators_behavior.test_coherence_evaluator_behavior.TestCoherenceEvaluatorBehavior" name="test_query_missing_text_parameter_in_content" time="0.003" /><testcase classname="assets.evaluators.tests.test_evaluators_behavior.test_coherence_evaluator_behavior.TestCoherenceEvaluatorBehavior" name="test_query_missing_type_parameter_in_content" time="0.003" /><testcase classname="assets.evaluators.tests.test_evaluators_behavior.test_coherence_evaluator_behavior.TestCoherenceEvaluatorBehavior" name="test_query_invalid_type_parameter_in_content" time="0.003" /><testcase classname="assets.evaluators.tests.test_evaluators_behavior.test_coherence_evaluator_behavior.TestCoherenceEvaluatorBehavior" name="test_query_valid_type_parameter_in_content" time="0.004" /><testcase classname="assets.evaluators.tests.test_evaluators_behavior.test_coherence_evaluator_behavior.TestCoherenceEvaluatorBehavior" name="test_response_not_present" time="0.003" /><testcase classname="assets.evaluators.tests.test_evaluators_behavior.test_coherence_evaluator_behavior.TestCoherenceEvaluatorBehavior" name="test_response_as_string" time="0.003" /><testcase classname="assets.evaluators.tests.test_evaluators_behavior.test_coherence_evaluator_behavior.TestCoherenceEvaluatorBehavior" name="test_response_invalid_format_as_string" time="0.003" /><testcase classname="assets.evaluators.tests.test_evaluators_behavior.test_coherence_evaluator_behavior.TestCoherenceEvaluatorBehavior" name="test_response_invalid_format" time="0.003" /><testcase classname="assets.evaluators.tests.test_evaluators_behavior.test_coherence_evaluator_behavior.TestCoherenceEvaluatorBehavior" name="test_response_wrong_type" time="0.003" /><testcase classname="assets.evaluators.tests.test_evaluators_behavior.test_coherence_evaluator_behavior.TestCoherenceEvaluatorBehavior" name="test_response_empty_list" time="0.003" /><testcase classname="assets.evaluators.tests.test_evaluators_behavior.test_coherence_evaluator_behavior.TestCoherenceEvaluatorBehavior" name="test_response_minimal_format" time="0.004" /><testcase classname="assets.evaluators.tests.test_evaluators_behavior.test_coherence_evaluator_behavior.TestCoherenceEvaluatorBehavior" name="test_response_missing_role_parameter" time="0.003" /><testcase classname="assets.evaluators.tests.test_evaluators_behavior.test_coherence_evaluator_behavior.TestCoherenceEvaluatorBehavior" name="test_response_invalid_role_parameter" time="0.004" /><testcase classname="assets.evaluators.tests.test_evaluators_behavior.test_coherence_evaluator_behavior.TestCoherenceEvaluatorBehavior" name="test_response_missing_content_parameter" time="0.003" /><testcase classname="assets.evaluators.tests.test_evaluators_behavior.test_coherence_evaluator_behavior.TestCoherenceEvaluatorBehavior" name="test_response_empty_content_parameter" time="0.003" /><testcase classname="assets.evaluators.tests.test_evaluators_behavior.test_coherence_evaluator_behavior.TestCoherenceEvaluatorBehavior" name="test_response_invalid_content_parameter_type" time="0.003" /><testcase classname="assets.evaluators.tests.test_evaluators_behavior.test_coherence_evaluator_behavior.TestCoherenceEvaluatorBehavior" name="test_response_valid_content_parameter" time="0.004" /><testcase classname="assets.evaluators.tests.test_evaluators_behavior.test_coherence_evaluator_behavior.TestCoherenceEvaluatorBehavior" name="test_response_missing_text_parameter_in_content" time="0.003" /><testcase classname="assets.evaluators.tests.test_evaluators_behavior.test_coherence_evaluator_behavior.TestCoherenceEvaluatorBehavior" name="test_response_missing_type_parameter_in_content" time="0.004" /><testcase classname="assets.evaluators.tests.test_evaluators_behavior.test_coherence_evaluator_behavior.TestCoherenceEvaluatorBehavior" name="test_response_invalid_type_parameter_in_content" time="0.003" /><testcase classname="assets.evaluators.tests.test_evaluators_behavior.test_coherence_evaluator_behavior.TestCoherenceEvaluatorBehavior" name="test_response_valid_type_parameter_in_content" time="0.004" /><testcase classname="assets.evaluators.tests.test_evaluators_behavior.test_coherence_evaluator_behavior.TestCoherenceEvaluatorBehavior" name="test_response_missing_tool_call_id_parameter" time="0.003" /><testcase classname="assets.evaluators.tests.test_evaluators_behavior.test_coherence_evaluator_behavior.TestCoherenceEvaluatorBehavior" name="test_response_missing_tool_result_parameter_in_content" time="0.003" /><testcase classname="assets.evaluators.tests.test_evaluators_behavior.test_coherence_evaluator_behavior.TestCoherenceEvaluatorBehavior" name="test_response_invalid_tool_result_parameter_in_content" time="0.003" /><testcase classname="assets.evaluators.tests.test_evaluators_behavior.test_coherence_evaluator_behavior.TestCoherenceEvaluatorBehavior" name="test_response_missing_tool_call_id_parameter_in_content" time="0.003" /><testcase classname="assets.evaluators.tests.test_evaluators_behavior.test_coherence_evaluator_behavior.TestCoherenceEvaluatorBehavior" name="test_response_missing_name_parameter_in_content" time="0.003" /><testcase classname="assets.evaluators.tests.test_evaluators_behavior.test_coherence_evaluator_behavior.TestCoherenceEvaluatorBehavior" name="test_response_missing_arguments_parameter_in_content" time="0.004" /><testcase classname="assets.evaluators.tests.test_evaluators_behavior.test_coherence_evaluator_behavior.TestCoherenceEvaluatorBehavior" name="test_response_invalid_arguments_parameter_in_content" time="0.003" /><testcase classname="assets.evaluators.tests.test_evaluators_behavior.test_coherence_evaluator_behavior.TestCoherenceEvaluatorBehavior" name="test_function_call_response" time="0.007" /><testcase classname="assets.evaluators.tests.test_evaluators_behavior.test_coherence_evaluator_behavior.TestCoherenceEvaluatorBehavior" name="test_mcp_approval_response" time="0.007" /><testcase classname="assets.evaluators.tests.test_evaluators_behavior.test_customer_satisfaction_evaluator_behavior.TestCustomerSatisfactionEvaluatorBehavior" name="test_all_valid_inputs" time="0.115" /><testcase classname="assets.evaluators.tests.test_evaluators_behavior.test_customer_satisfaction_evaluator_behavior.TestCustomerSatisfactionEvaluatorBehavior" name="test_query_not_present" time="0.015" /><testcase classname="assets.evaluators.tests.test_evaluators_behavior.test_customer_satisfaction_evaluator_behavior.TestCustomerSatisfactionEvaluatorBehavior" name="test_query_as_string" time="0.015" /><testcase classname="assets.evaluators.tests.test_evaluators_behavior.test_customer_satisfaction_evaluator_behavior.TestCustomerSatisfactionEvaluatorBehavior" name="test_query_invalid_format_as_string" time="0.016" /><testcase classname="assets.evaluators.tests.test_evaluators_behavior.test_customer_satisfaction_evaluator_behavior.TestCustomerSatisfactionEvaluatorBehavior" name="test_query_invalid_format" time="0.015" /><testcase classname="assets.evaluators.tests.test_evaluators_behavior.test_customer_satisfaction_evaluator_behavior.TestCustomerSatisfactionEvaluatorBehavior" name="test_query_wrong_type" time="0.015" /><testcase classname="assets.evaluators.tests.test_evaluators_behavior.test_customer_satisfaction_evaluator_behavior.TestCustomerSatisfactionEvaluatorBehavior" name="test_query_empty_list" time="0.015" /><testcase classname="assets.evaluators.tests.test_evaluators_behavior.test_customer_satisfaction_evaluator_behavior.TestCustomerSatisfactionEvaluatorBehavior" name="test_query_missing_role_parameter" time="0.015" /><testcase classname="assets.evaluators.tests.test_evaluators_behavior.test_customer_satisfaction_evaluator_behavior.TestCustomerSatisfactionEvaluatorBehavior" name="test_query_valid_system_role_parameter" time="0.015" /><testcase classname="assets.evaluators.tests.test_evaluators_behavior.test_customer_satisfaction_evaluator_behavior.TestCustomerSatisfactionEvaluatorBehavior" name="test_query_invalid_role_parameter" time="0.015" /><testcase classname="assets.evaluators.tests.test_evaluators_behavior.test_customer_satisfaction_evaluator_behavior.TestCustomerSatisfactionEvaluatorBehavior" name="test_query_missing_content_parameter" time="0.015" /><testcase classname="assets.evaluators.tests.test_evaluators_behavior.test_customer_satisfaction_evaluator_behavior.TestCustomerSatisfactionEvaluatorBehavior" name="test_query_empty_content_parameter" time="0.016" /><testcase classname="assets.evaluators.tests.test_evaluators_behavior.test_customer_satisfaction_evaluator_behavior.TestCustomerSatisfactionEvaluatorBehavior" name="test_query_invalid_content_parameter_type" time="0.015" /><testcase classname="assets.evaluators.tests.test_evaluators_behavior.test_customer_satisfaction_evaluator_behavior.TestCustomerSatisfactionEvaluatorBehavior" name="test_query_valid_content_parameter" time="0.014" /><testcase classname="assets.evaluators.tests.test_evaluators_behavior.test_customer_satisfaction_evaluator_behavior.TestCustomerSatisfactionEvaluatorBehavior" name="test_query_missing_text_parameter_in_content" time="0.014" /><testcase classname="assets.evaluators.tests.test_evaluators_behavior.test_customer_satisfaction_evaluator_behavior.TestCustomerSatisfactionEvaluatorBehavior" name="test_query_missing_type_parameter_in_content" time="0.014" /><testcase classname="assets.evaluators.tests.test_evaluators_behavior.test_customer_satisfaction_evaluator_behavior.TestCustomerSatisfactionEvaluatorBehavior" name="test_query_invalid_type_parameter_in_content" time="0.014" /><testcase classname="assets.evaluators.tests.test_evaluators_behavior.test_customer_satisfaction_evaluator_behavior.TestCustomerSatisfactionEvaluatorBehavior" name="test_query_valid_type_parameter_in_content" time="0.015" /><testcase classname="assets.evaluators.tests.test_evaluators_behavior.test_customer_satisfaction_evaluator_behavior.TestCustomerSatisfactionEvaluatorBehavior" name="test_response_not_present" time="0.014" /><testcase classname="assets.evaluators.tests.test_evaluators_behavior.test_customer_satisfaction_evaluator_behavior.TestCustomerSatisfactionEvaluatorBehavior" name="test_response_as_string" time="0.014" /><testcase classname="assets.evaluators.tests.test_evaluators_behavior.test_customer_satisfaction_evaluator_behavior.TestCustomerSatisfactionEvaluatorBehavior" name="test_response_invalid_format_as_string" time="0.014" /><testcase classname="assets.evaluators.tests.test_evaluators_behavior.test_customer_satisfaction_evaluator_behavior.TestCustomerSatisfactionEvaluatorBehavior" name="test_response_invalid_format" time="0.014" /><testcase classname="assets.evaluators.tests.test_evaluators_behavior.test_customer_satisfaction_evaluator_behavior.TestCustomerSatisfactionEvaluatorBehavior" name="test_response_wrong_type" time="0.015" /><testcase classname="assets.evaluators.tests.test_evaluators_behavior.test_customer_satisfaction_evaluator_behavior.TestCustomerSatisfactionEvaluatorBehavior" name="test_response_empty_list" time="0.014" /><testcase classname="assets.evaluators.tests.test_evaluators_behavior.test_customer_satisfaction_evaluator_behavior.TestCustomerSatisfactionEvaluatorBehavior" name="test_response_minimal_format" time="0.014" /><testcase classname="assets.evaluators.tests.test_evaluators_behavior.test_customer_satisfaction_evaluator_behavior.TestCustomerSatisfactionEvaluatorBehavior" name="test_response_missing_role_parameter" time="0.014" /><testcase classname="assets.evaluators.tests.test_evaluators_behavior.test_customer_satisfaction_evaluator_behavior.TestCustomerSatisfactionEvaluatorBehavior" name="test_response_invalid_role_parameter" time="0.015" /><testcase classname="assets.evaluators.tests.test_evaluators_behavior.test_customer_satisfaction_evaluator_behavior.TestCustomerSatisfactionEvaluatorBehavior" name="test_response_missing_content_parameter" time="0.014" /><testcase classname="assets.evaluators.tests.test_evaluators_behavior.test_customer_satisfaction_evaluator_behavior.TestCustomerSatisfactionEvaluatorBehavior" name="test_response_empty_content_parameter" time="0.015" /><testcase classname="assets.evaluators.tests.test_evaluators_behavior.test_customer_satisfaction_evaluator_behavior.TestCustomerSatisfactionEvaluatorBehavior" name="test_response_invalid_content_parameter_type" time="0.016" /><testcase classname="assets.evaluators.tests.test_evaluators_behavior.test_customer_satisfaction_evaluator_behavior.TestCustomerSatisfactionEvaluatorBehavior" name="test_response_valid_content_parameter" time="0.015" /><testcase classname="assets.evaluators.tests.test_evaluators_behavior.test_customer_satisfaction_evaluator_behavior.TestCustomerSatisfactionEvaluatorBehavior" name="test_response_missing_text_parameter_in_content" time="0.016" /><testcase classname="assets.evaluators.tests.test_evaluators_behavior.test_customer_satisfaction_evaluator_behavior.TestCustomerSatisfactionEvaluatorBehavior" name="test_response_missing_type_parameter_in_content" time="0.016" /><testcase classname="assets.evaluators.tests.test_evaluators_behavior.test_customer_satisfaction_evaluator_behavior.TestCustomerSatisfactionEvaluatorBehavior" name="test_response_invalid_type_parameter_in_content" time="0.015" /><testcase classname="assets.evaluators.tests.test_evaluators_behavior.test_customer_satisfaction_evaluator_behavior.TestCustomerSatisfactionEvaluatorBehavior" name="test_response_valid_type_parameter_in_content" time="0.015" /><testcase classname="assets.evaluators.tests.test_evaluators_behavior.test_customer_satisfaction_evaluator_behavior.TestCustomerSatisfactionEvaluatorBehavior" name="test_response_missing_tool_call_id_parameter" time="0.016" /><testcase classname="assets.evaluators.tests.test_evaluators_behavior.test_customer_satisfaction_evaluator_behavior.TestCustomerSatisfactionEvaluatorBehavior" name="test_response_missing_tool_result_parameter_in_content" time="0.015" /><testcase classname="assets.evaluators.tests.test_evaluators_behavior.test_customer_satisfaction_evaluator_behavior.TestCustomerSatisfactionEvaluatorBehavior" name="test_response_invalid_tool_result_parameter_in_content" time="0.015" /><testcase classname="assets.evaluators.tests.test_evaluators_behavior.test_customer_satisfaction_evaluator_behavior.TestCustomerSatisfactionEvaluatorBehavior" name="test_response_missing_tool_call_id_parameter_in_content" time="0.015" /><testcase classname="assets.evaluators.tests.test_evaluators_behavior.test_customer_satisfaction_evaluator_behavior.TestCustomerSatisfactionEvaluatorBehavior" name="test_response_missing_name_parameter_in_content" time="0.015" /><testcase classname="assets.evaluators.tests.test_evaluators_behavior.test_customer_satisfaction_evaluator_behavior.TestCustomerSatisfactionEvaluatorBehavior" name="test_response_missing_arguments_parameter_in_content" time="0.015" /><testcase classname="assets.evaluators.tests.test_evaluators_behavior.test_customer_satisfaction_evaluator_behavior.TestCustomerSatisfactionEvaluatorBehavior" name="test_response_invalid_arguments_parameter_in_content" time="0.015" /><testcase classname="assets.evaluators.tests.test_evaluators_behavior.test_customer_satisfaction_evaluator_behavior.TestCustomerSatisfactionEvaluatorBehavior" name="test_function_call_response" time="0.030" /><testcase classname="assets.evaluators.tests.test_evaluators_behavior.test_customer_satisfaction_evaluator_behavior.TestCustomerSatisfactionEvaluatorBehavior" name="test_mcp_approval_response" time="0.029" /><testcase classname="assets.evaluators.tests.test_evaluators_behavior.test_customer_satisfaction_evaluator_behavior.TestCustomerSatisfactionSessionBehavior" name="test_messages_valid_input" time="0.014" /><testcase classname="assets.evaluators.tests.test_evaluators_behavior.test_customer_satisfaction_evaluator_behavior.TestCustomerSatisfactionSessionBehavior" name="test_messages_empty_list_raises_error" time="0.015" /><testcase classname="assets.evaluators.tests.test_evaluators_behavior.test_customer_satisfaction_evaluator_behavior.TestCustomerSatisfactionSessionBehavior" name="test_messages_invalid_type_raises_error" time="0.015" /><testcase classname="assets.evaluators.tests.test_evaluators_behavior.test_customer_satisfaction_evaluator_behavior.TestCustomerSatisfactionSessionBehavior" name="test_messages_with_system_message" time="0.014" /><testcase classname="assets.evaluators.tests.test_evaluators_behavior.test_customer_satisfaction_evaluator_behavior.TestCustomerSatisfactionSessionBehavior" name="test_messages_with_tool_calls" time="0.014" /><testcase classname="assets.evaluators.tests.test_evaluators_behavior.test_customer_satisfaction_evaluator_behavior.TestCustomerSatisfactionSessionBehavior" name="test_messages_intermediate_response" time="0.014" /><testcase classname="assets.evaluators.tests.test_evaluators_behavior.test_customer_satisfaction_evaluator_behavior.TestCustomerSatisfactionSessionBehavior" name="test_messages_string_content" time="0.014" /><testcase classname="assets.evaluators.tests.test_evaluators_behavior.test_customer_satisfaction_evaluator_behavior.TestCustomerSatisfactionSessionBehavior" name="test_messages_uses_multi_turn_flow" time="0.014" /><testcase classname="assets.evaluators.tests.test_evaluators_behavior.test_customer_satisfaction_evaluator_behavior.TestCustomerSatisfactionSessionBehavior" name="test_query_response_uses_single_turn_flow" time="0.014" /><testcase classname="assets.evaluators.tests.test_evaluators_behavior.test_customer_satisfaction_evaluator_behavior.TestCustomerSatisfactionSessionBehavior" name="test_messages_with_mcp_approval" time="0.015" /><testcase classname="assets.evaluators.tests.test_evaluators_behavior.test_customer_satisfaction_evaluator_behavior.TestCustomerSatisfactionSessionBehavior" name="test_messages_with_non_dict_items_raises_error" time="0.014" /><testcase classname="assets.evaluators.tests.test_evaluators_behavior.test_customer_satisfaction_evaluator_behavior.TestCustomerSatisfactionSessionBehavior" name="test_messages_rejects_invalid_role" time="0.014" /><testcase classname="assets.evaluators.tests.test_evaluators_behavior.test_customer_satisfaction_evaluator_behavior.TestCustomerSatisfactionSessionBehavior" name="test_messages_rejects_missing_role_key" time="0.014" /><testcase classname="assets.evaluators.tests.test_evaluators_behavior.test_customer_satisfaction_evaluator_behavior.TestCustomerSatisfactionSessionBehavior" name="test_messages_rejects_no_user_message" time="0.014" /><testcase classname="assets.evaluators.tests.test_evaluators_behavior.test_customer_satisfaction_evaluator_behavior.TestCustomerSatisfactionSessionBehavior" name="test_messages_rejects_no_assistant_message" time="0.014" /><testcase classname="assets.evaluators.tests.test_evaluators_behavior.test_customer_satisfaction_evaluator_behavior.TestCustomerSatisfactionSessionBehavior" name="test_messages_rejects_conversation_ending_with_user" time="0.014" /><testcase classname="assets.evaluators.tests.test_evaluators_behavior.test_customer_satisfaction_evaluator_behavior.TestCustomerSatisfactionSessionBehavior" name="test_messages_rejects_conversation_ending_with_tool" time="0.015" /><testcase classname="assets.evaluators.tests.test_evaluators_behavior.test_customer_satisfaction_evaluator_behavior.TestCustomerSatisfactionSessionBehavior" name="test_messages_allows_consecutive_user_messages" time="0.014" /><testcase classname="assets.evaluators.tests.test_evaluators_behavior.test_customer_satisfaction_evaluator_behavior.TestCustomerSatisfactionSessionBehavior" name="test_messages_allows_consecutive_assistant_messages" time="0.015" /><testcase classname="assets.evaluators.tests.test_evaluators_behavior.test_customer_satisfaction_evaluator_behavior.TestCustomerSatisfactionSessionBehavior" name="test_messages_allows_developer_role" time="0.015" /><testcase classname="assets.evaluators.tests.test_evaluators_behavior.test_deflection_rate_evaluator_behavior.TestDeflectionRateEvaluatorBehavior" name="test_all_valid_inputs" time="0.012" /><testcase classname="assets.evaluators.tests.test_evaluators_behavior.test_deflection_rate_evaluator_behavior.TestDeflectionRateEvaluatorBehavior" name="test_query_not_present" time="0.012" /><testcase classname="assets.evaluators.tests.test_evaluators_behavior.test_deflection_rate_evaluator_behavior.TestDeflectionRateEvaluatorBehavior" name="test_query_as_string" time="0.012" /><testcase classname="assets.evaluators.tests.test_evaluators_behavior.test_deflection_rate_evaluator_behavior.TestDeflectionRateEvaluatorBehavior" name="test_query_invalid_format_as_string" time="0.012" /><testcase classname="assets.evaluators.tests.test_evaluators_behavior.test_deflection_rate_evaluator_behavior.TestDeflectionRateEvaluatorBehavior" name="test_query_invalid_format" time="0.013" /><testcase classname="assets.evaluators.tests.test_evaluators_behavior.test_deflection_rate_evaluator_behavior.TestDeflectionRateEvaluatorBehavior" name="test_query_wrong_type" time="0.012" /><testcase classname="assets.evaluators.tests.test_evaluators_behavior.test_deflection_rate_evaluator_behavior.TestDeflectionRateEvaluatorBehavior" name="test_query_empty_list" time="0.012" /><testcase classname="assets.evaluators.tests.test_evaluators_behavior.test_deflection_rate_evaluator_behavior.TestDeflectionRateEvaluatorBehavior" name="test_query_missing_role_parameter" time="0.012" /><testcase classname="assets.evaluators.tests.test_evaluators_behavior.test_deflection_rate_evaluator_behavior.TestDeflectionRateEvaluatorBehavior" name="test_query_valid_system_role_parameter" time="0.012" /><testcase classname="assets.evaluators.tests.test_evaluators_behavior.test_deflection_rate_evaluator_behavior.TestDeflectionRateEvaluatorBehavior" name="test_query_invalid_role_parameter" time="0.012" /><testcase classname="assets.evaluators.tests.test_evaluators_behavior.test_deflection_rate_evaluator_behavior.TestDeflectionRateEvaluatorBehavior" name="test_query_missing_content_parameter" time="0.013" /><testcase classname="assets.evaluators.tests.test_evaluators_behavior.test_deflection_rate_evaluator_behavior.TestDeflectionRateEvaluatorBehavior" name="test_query_empty_content_parameter" time="0.012" /><testcase classname="assets.evaluators.tests.test_evaluators_behavior.test_deflection_rate_evaluator_behavior.TestDeflectionRateEvaluatorBehavior" name="test_query_invalid_content_parameter_type" time="0.012" /><testcase classname="assets.evaluators.tests.test_evaluators_behavior.test_deflection_rate_evaluator_behavior.TestDeflectionRateEvaluatorBehavior" name="test_query_valid_content_parameter" time="0.012" /><testcase classname="assets.evaluators.tests.test_evaluators_behavior.test_deflection_rate_evaluator_behavior.TestDeflectionRateEvaluatorBehavior" name="test_query_missing_text_parameter_in_content" time="0.012" /><testcase classname="assets.evaluators.tests.test_evaluators_behavior.test_deflection_rate_evaluator_behavior.TestDeflectionRateEvaluatorBehavior" name="test_query_missing_type_parameter_in_content" time="0.012" /><testcase classname="assets.evaluators.tests.test_evaluators_behavior.test_deflection_rate_evaluator_behavior.TestDeflectionRateEvaluatorBehavior" name="test_query_invalid_type_parameter_in_content" time="0.013" /><testcase classname="assets.evaluators.tests.test_evaluators_behavior.test_deflection_rate_evaluator_behavior.TestDeflectionRateEvaluatorBehavior" name="test_query_valid_type_parameter_in_content" time="0.012" /><testcase classname="assets.evaluators.tests.test_evaluators_behavior.test_deflection_rate_evaluator_behavior.TestDeflectionRateEvaluatorBehavior" name="test_response_not_present" time="0.012" /><testcase classname="assets.evaluators.tests.test_evaluators_behavior.test_deflection_rate_evaluator_behavior.TestDeflectionRateEvaluatorBehavior" name="test_response_as_string" time="0.013" /><testcase classname="assets.evaluators.tests.test_evaluators_behavior.test_deflection_rate_evaluator_behavior.TestDeflectionRateEvaluatorBehavior" name="test_response_invalid_format_as_string" time="0.012" /><testcase classname="assets.evaluators.tests.test_evaluators_behavior.test_deflection_rate_evaluator_behavior.TestDeflectionRateEvaluatorBehavior" name="test_response_invalid_format" time="0.012" /><testcase classname="assets.evaluators.tests.test_evaluators_behavior.test_deflection_rate_evaluator_behavior.TestDeflectionRateEvaluatorBehavior" name="test_response_wrong_type" time="0.012" /><testcase classname="assets.evaluators.tests.test_evaluators_behavior.test_deflection_rate_evaluator_behavior.TestDeflectionRateEvaluatorBehavior" name="test_response_empty_list" time="0.012" /><testcase classname="assets.evaluators.tests.test_evaluators_behavior.test_deflection_rate_evaluator_behavior.TestDeflectionRateEvaluatorBehavior" name="test_response_minimal_format" time="0.013" /><testcase classname="assets.evaluators.tests.test_evaluators_behavior.test_deflection_rate_evaluator_behavior.TestDeflectionRateEvaluatorBehavior" name="test_response_missing_role_parameter" time="0.013" /><testcase classname="assets.evaluators.tests.test_evaluators_behavior.test_deflection_rate_evaluator_behavior.TestDeflectionRateEvaluatorBehavior" name="test_response_invalid_role_parameter" time="0.012" /><testcase classname="assets.evaluators.tests.test_evaluators_behavior.test_deflection_rate_evaluator_behavior.TestDeflectionRateEvaluatorBehavior" name="test_response_missing_content_parameter" time="0.012" /><testcase classname="assets.evaluators.tests.test_evaluators_behavior.test_deflection_rate_evaluator_behavior.TestDeflectionRateEvaluatorBehavior" name="test_response_empty_content_parameter" time="0.012" /><testcase classname="assets.evaluators.tests.test_evaluators_behavior.test_deflection_rate_evaluator_behavior.TestDeflectionRateEvaluatorBehavior" name="test_response_invalid_content_parameter_type" time="0.012" /><testcase classname="assets.evaluators.tests.test_evaluators_behavior.test_deflection_rate_evaluator_behavior.TestDeflectionRateEvaluatorBehavior" name="test_response_valid_content_parameter" time="0.013" /><testcase classname="assets.evaluators.tests.test_evaluators_behavior.test_deflection_rate_evaluator_behavior.TestDeflectionRateEvaluatorBehavior" name="test_response_missing_text_parameter_in_content" time="0.013" /><testcase classname="assets.evaluators.tests.test_evaluators_behavior.test_deflection_rate_evaluator_behavior.TestDeflectionRateEvaluatorBehavior" name="test_response_missing_type_parameter_in_content" time="0.012" /><testcase classname="assets.evaluators.tests.test_evaluators_behavior.test_deflection_rate_evaluator_behavior.TestDeflectionRateEvaluatorBehavior" name="test_response_invalid_type_parameter_in_content" time="0.014" /><testcase classname="assets.evaluators.tests.test_evaluators_behavior.test_deflection_rate_evaluator_behavior.TestDeflectionRateEvaluatorBehavior" name="test_response_valid_type_parameter_in_content" time="0.012" /><testcase classname="assets.evaluators.tests.test_evaluators_behavior.test_deflection_rate_evaluator_behavior.TestDeflectionRateEvaluatorBehavior" name="test_response_missing_tool_call_id_parameter" time="0.012" /><testcase classname="assets.evaluators.tests.test_evaluators_behavior.test_deflection_rate_evaluator_behavior.TestDeflectionRateEvaluatorBehavior" name="test_response_missing_tool_result_parameter_in_content" time="0.012" /><testcase classname="assets.evaluators.tests.test_evaluators_behavior.test_deflection_rate_evaluator_behavior.TestDeflectionRateEvaluatorBehavior" name="test_response_invalid_tool_result_parameter_in_content" time="0.013" /><testcase classname="assets.evaluators.tests.test_evaluators_behavior.test_deflection_rate_evaluator_behavior.TestDeflectionRateEvaluatorBehavior" name="test_response_missing_tool_call_id_parameter_in_content" time="0.012" /><testcase classname="assets.evaluators.tests.test_evaluators_behavior.test_deflection_rate_evaluator_behavior.TestDeflectionRateEvaluatorBehavior" name="test_response_missing_name_parameter_in_content" time="0.012" /><testcase classname="assets.evaluators.tests.test_evaluators_behavior.test_deflection_rate_evaluator_behavior.TestDeflectionRateEvaluatorBehavior" name="test_response_missing_arguments_parameter_in_content" time="0.012" /><testcase classname="assets.evaluators.tests.test_evaluators_behavior.test_deflection_rate_evaluator_behavior.TestDeflectionRateEvaluatorBehavior" name="test_response_invalid_arguments_parameter_in_content" time="0.013" /><testcase classname="assets.evaluators.tests.test_evaluators_behavior.test_deflection_rate_evaluator_behavior.TestDeflectionRateEvaluatorBehavior" name="test_function_call_response" time="0.024" /><testcase classname="assets.evaluators.tests.test_evaluators_behavior.test_deflection_rate_evaluator_behavior.TestDeflectionRateEvaluatorBehavior" name="test_mcp_approval_response" time="0.024" /><testcase classname="assets.evaluators.tests.test_evaluators_behavior.test_document_retrieval_evaluator_behavior.TestDocumentRetrievalEvaluatorBehavior" name="test_perfect_retrieval" time="0.001" /><testcase classname="assets.evaluators.tests.test_evaluators_behavior.test_document_retrieval_evaluator_behavior.TestDocumentRetrievalEvaluatorBehavior" name="test_perfect_retrieval_fidelity" time="0.001" /><testcase classname="assets.evaluators.tests.test_evaluators_behavior.test_document_retrieval_evaluator_behavior.TestDocumentRetrievalEvaluatorBehavior" name="test_suboptimal_retrieval" time="0.001" /><testcase classname="assets.evaluators.tests.test_evaluators_behavior.test_document_retrieval_evaluator_behavior.TestDocumentRetrievalEvaluatorBehavior" name="test_suboptimal_xdcg" time="0.001" /><testcase classname="assets.evaluators.tests.test_evaluators_behavior.test_document_retrieval_evaluator_behavior.TestDocumentRetrievalEvaluatorBehavior" name="test_partial_retrieval_with_holes" time="0.001" /><testcase classname="assets.evaluators.tests.test_evaluators_behavior.test_document_retrieval_evaluator_behavior.TestDocumentRetrievalEvaluatorBehavior" name="test_all_holes_retrieval" time="0.001" /><testcase classname="assets.evaluators.tests.test_evaluators_behavior.test_document_retrieval_evaluator_behavior.TestDocumentRetrievalEvaluatorBehavior" name="test_zero_holes" time="0.000" /><testcase classname="assets.evaluators.tests.test_evaluators_behavior.test_document_retrieval_evaluator_behavior.TestDocumentRetrievalEvaluatorBehavior" name="test_empty_retrieved_documents" time="0.001" /><testcase classname="assets.evaluators.tests.test_evaluators_behavior.test_document_retrieval_evaluator_behavior.TestDocumentRetrievalEvaluatorBehavior" name="test_single_document_retrieval" time="0.001" /><testcase classname="assets.evaluators.tests.test_evaluators_behavior.test_document_retrieval_evaluator_behavior.TestDocumentRetrievalEvaluatorBehavior" name="test_custom_label_range" time="0.001" /><testcase classname="assets.evaluators.tests.test_evaluators_behavior.test_document_retrieval_evaluator_behavior.TestDocumentRetrievalEvaluatorBehavior" name="test_custom_label_range_with_defaults" time="0.001" /><testcase classname="assets.evaluators.tests.test_evaluators_behavior.test_document_retrieval_evaluator_behavior.TestDocumentRetrievalEvaluatorBehavior" name="test_same_relevance_scores" time="0.001" /><testcase classname="assets.evaluators.tests.test_evaluators_behavior.test_document_retrieval_evaluator_behavior.TestDocumentRetrievalEvaluatorBehavior" name="test_large_dataset" time="0.001" /><testcase classname="assets.evaluators.tests.test_evaluators_behavior.test_document_retrieval_evaluator_behavior.TestDocumentRetrievalEvaluatorBehavior" name="test_ndcg_threshold_pass" time="0.001" /><testcase classname="assets.evaluators.tests.test_evaluators_behavior.test_document_retrieval_evaluator_behavior.TestDocumentRetrievalEvaluatorBehavior" name="test_ndcg_threshold_fail" time="0.001" /><testcase classname="assets.evaluators.tests.test_evaluators_behavior.test_document_retrieval_evaluator_behavior.TestDocumentRetrievalEvaluatorBehavior" name="test_fidelity_threshold" time="0.000" /><testcase classname="assets.evaluators.tests.test_evaluators_behavior.test_document_retrieval_evaluator_behavior.TestDocumentRetrievalEvaluatorBehavior" name="test_all_thresholds_present" time="0.001" /><testcase classname="assets.evaluators.tests.test_evaluators_behavior.test_document_retrieval_evaluator_behavior.TestDocumentRetrievalEvaluatorBehavior" name="test_empty_ground_truth" time="0.000" /><testcase classname="assets.evaluators.tests.test_evaluators_behavior.test_document_retrieval_evaluator_behavior.TestDocumentRetrievalEvaluatorBehavior" name="test_none_ground_truth" time="0.000" /><testcase classname="assets.evaluators.tests.test_evaluators_behavior.test_document_retrieval_evaluator_behavior.TestDocumentRetrievalEvaluatorBehavior" name="test_invalid_ground_truth_missing_document_id" time="0.000" /><testcase classname="assets.evaluators.tests.test_evaluators_behavior.test_document_retrieval_evaluator_behavior.TestDocumentRetrievalEvaluatorBehavior" name="test_invalid_ground_truth_missing_label" time="0.000" /><testcase classname="assets.evaluators.tests.test_evaluators_behavior.test_document_retrieval_evaluator_behavior.TestDocumentRetrievalEvaluatorBehavior" name="test_invalid_ground_truth_string_label" time="0.001" /><testcase classname="assets.evaluators.tests.test_evaluators_behavior.test_document_retrieval_evaluator_behavior.TestDocumentRetrievalEvaluatorBehavior" name="test_invalid_ground_truth_float_label" time="0.000" /><testcase classname="assets.evaluators.tests.test_evaluators_behavior.test_document_retrieval_evaluator_behavior.TestDocumentRetrievalEvaluatorBehavior" name="test_invalid_ground_truth_label_above_max" time="0.001" /><testcase classname="assets.evaluators.tests.test_evaluators_behavior.test_document_retrieval_evaluator_behavior.TestDocumentRetrievalEvaluatorBehavior" name="test_invalid_ground_truth_label_below_min" time="0.001" /><testcase classname="assets.evaluators.tests.test_evaluators_behavior.test_document_retrieval_evaluator_behavior.TestDocumentRetrievalEvaluatorBehavior" name="test_invalid_retrieved_missing_document_id" time="0.000" /><testcase classname="assets.evaluators.tests.test_evaluators_behavior.test_document_retrieval_evaluator_behavior.TestDocumentRetrievalEvaluatorBehavior" name="test_invalid_retrieved_missing_score" time="0.000" /><testcase classname="assets.evaluators.tests.test_evaluators_behavior.test_document_retrieval_evaluator_behavior.TestDocumentRetrievalEvaluatorBehavior" name="test_invalid_retrieved_string_score" time="0.000" /><testcase classname="assets.evaluators.tests.test_evaluators_behavior.test_document_retrieval_evaluator_behavior.TestDocumentRetrievalEvaluatorBehavior" name="test_invalid_label_range_min_equals_max" time="0.000" /><testcase classname="assets.evaluators.tests.test_evaluators_behavior.test_document_retrieval_evaluator_behavior.TestDocumentRetrievalEvaluatorBehavior" name="test_invalid_label_range_min_greater_than_max" time="0.000" /><testcase classname="assets.evaluators.tests.test_evaluators_behavior.test_document_retrieval_evaluator_behavior.TestDocumentRetrievalEvaluatorBehavior" name="test_invalid_label_min_not_integer" time="0.000" /><testcase classname="assets.evaluators.tests.test_evaluators_behavior.test_document_retrieval_evaluator_behavior.TestDocumentRetrievalEvaluatorBehavior" name="test_invalid_label_max_not_integer" time="0.000" /><testcase classname="assets.evaluators.tests.test_evaluators_behavior.test_document_retrieval_evaluator_behavior.TestDocumentRetrievalEvaluatorBehavior" name="test_output_contains_all_metrics" time="0.001" /><testcase classname="assets.evaluators.tests.test_evaluators_behavior.test_document_retrieval_evaluator_behavior.TestDocumentRetrievalEvaluatorBehavior" name="test_output_contains_result_keys" time="0.001" /><testcase classname="assets.evaluators.tests.test_evaluators_behavior.test_document_retrieval_evaluator_behavior.TestDocumentRetrievalEvaluatorBehavior" name="test_output_contains_higher_is_better_keys" time="0.000" /><testcase classname="assets.evaluators.tests.test_evaluators_behavior.test_document_retrieval_evaluator_behavior.TestDocumentRetrievalEvaluatorBehavior" name="test_result_values_are_pass_or_fail" time="0.001" /><testcase classname="assets.evaluators.tests.test_evaluators_behavior.test_document_retrieval_evaluator_behavior.TestDocumentRetrievalEvaluatorBehavior" name="test_ndcg_range" time="0.001" /><testcase classname="assets.evaluators.tests.test_evaluators_behavior.test_document_retrieval_evaluator_behavior.TestDocumentRetrievalEvaluatorBehavior" name="test_holes_ratio_range" time="0.001" /><testcase classname="assets.evaluators.tests.test_evaluators_behavior.test_document_retrieval_evaluator_behavior.TestDocumentRetrievalEvaluatorBehavior" name="test_fidelity_range" time="0.000" /><testcase classname="assets.evaluators.tests.test_evaluators_behavior.test_document_retrieval_evaluator_behavior.TestDocumentRetrievalEvaluatorBehavior" name="test_total_document_counts" time="0.000" /><testcase classname="assets.evaluators.tests.test_evaluators_behavior.test_document_retrieval_evaluator_behavior.TestDocumentRetrievalEvaluatorBehavior" name="test_partial_retrieval_counts" time="0.001" /><testcase classname="assets.evaluators.tests.test_evaluators_behavior.test_document_retrieval_evaluator_behavior.TestDocumentRetrievalEvaluatorBehavior" name="test_integer_relevance_scores_accepted" time="0.001" /><testcase classname="assets.evaluators.tests.test_evaluators_behavior.test_document_retrieval_evaluator_behavior.TestDocumentRetrievalEvaluatorBehavior" name="test_duplicate_documents_in_retrieval" time="0.001" /><testcase classname="assets.evaluators.tests.test_evaluators_behavior.test_f1_score_evaluator_behavior.TestF1ScoreEvaluatorBehavior" name="test_identical_text" time="0.001" /><testcase classname="assets.evaluators.tests.test_evaluators_behavior.test_f1_score_evaluator_behavior.TestF1ScoreEvaluatorBehavior" name="test_identical_single_word" time="0.001" /><testcase classname="assets.evaluators.tests.test_evaluators_behavior.test_f1_score_evaluator_behavior.TestF1ScoreEvaluatorBehavior" name="test_case_insensitivity" time="0.001" /><testcase classname="assets.evaluators.tests.test_evaluators_behavior.test_f1_score_evaluator_behavior.TestF1ScoreEvaluatorBehavior" name="test_article_removal" time="0.001" /><testcase classname="assets.evaluators.tests.test_evaluators_behavior.test_f1_score_evaluator_behavior.TestF1ScoreEvaluatorBehavior" name="test_punctuation_removal" time="0.001" /><testcase classname="assets.evaluators.tests.test_evaluators_behavior.test_f1_score_evaluator_behavior.TestF1ScoreEvaluatorBehavior" name="test_whitespace_normalization" time="0.001" /><testcase classname="assets.evaluators.tests.test_evaluators_behavior.test_f1_score_evaluator_behavior.TestF1ScoreEvaluatorBehavior" name="test_word_order_irrelevant" time="0.001" /><testcase classname="assets.evaluators.tests.test_evaluators_behavior.test_f1_score_evaluator_behavior.TestF1ScoreEvaluatorBehavior" name="test_scrambled_sentence" time="0.001" /><testcase classname="assets.evaluators.tests.test_evaluators_behavior.test_f1_score_evaluator_behavior.TestF1ScoreEvaluatorBehavior" name="test_duplicate_words_in_response" time="0.001" /><testcase classname="assets.evaluators.tests.test_evaluators_behavior.test_f1_score_evaluator_behavior.TestF1ScoreEvaluatorBehavior" name="test_duplicate_words_in_ground_truth" time="0.001" /><testcase classname="assets.evaluators.tests.test_evaluators_behavior.test_f1_score_evaluator_behavior.TestF1ScoreEvaluatorBehavior" name="test_matching_duplicate_counts" time="0.001" /><testcase classname="assets.evaluators.tests.test_evaluators_behavior.test_f1_score_evaluator_behavior.TestF1ScoreEvaluatorBehavior" name="test_partial_overlap" time="0.001" /><testcase classname="assets.evaluators.tests.test_evaluators_behavior.test_f1_score_evaluator_behavior.TestF1ScoreEvaluatorBehavior" name="test_subset_response" time="0.001" /><testcase classname="assets.evaluators.tests.test_evaluators_behavior.test_f1_score_evaluator_behavior.TestF1ScoreEvaluatorBehavior" name="test_superset_response" time="0.001" /><testcase classname="assets.evaluators.tests.test_evaluators_behavior.test_f1_score_evaluator_behavior.TestF1ScoreEvaluatorBehavior" name="test_no_overlap" time="0.001" /><testcase classname="assets.evaluators.tests.test_evaluators_behavior.test_f1_score_evaluator_behavior.TestF1ScoreEvaluatorBehavior" name="test_single_common_word" time="0.001" /><testcase classname="assets.evaluators.tests.test_evaluators_behavior.test_f1_score_evaluator_behavior.TestF1ScoreEvaluatorBehavior" name="test_threshold_low_pass" time="0.001" /><testcase classname="assets.evaluators.tests.test_evaluators_behavior.test_f1_score_evaluator_behavior.TestF1ScoreEvaluatorBehavior" name="test_threshold_high_fail" time="0.001" /><testcase classname="assets.evaluators.tests.test_evaluators_behavior.test_f1_score_evaluator_behavior.TestF1ScoreEvaluatorBehavior" name="test_threshold_zero" time="0.001" /><testcase classname="assets.evaluators.tests.test_evaluators_behavior.test_f1_score_evaluator_behavior.TestF1ScoreEvaluatorBehavior" name="test_threshold_one" time="0.001" /><testcase classname="assets.evaluators.tests.test_evaluators_behavior.test_f1_score_evaluator_behavior.TestF1ScoreEvaluatorBehavior" name="test_default_threshold" time="0.001" /><testcase classname="assets.evaluators.tests.test_evaluators_behavior.test_f1_score_evaluator_behavior.TestF1ScoreEvaluatorBehavior" name="test_empty_response" time="0.001" /><testcase classname="assets.evaluators.tests.test_evaluators_behavior.test_f1_score_evaluator_behavior.TestF1ScoreEvaluatorBehavior" name="test_empty_ground_truth" time="0.001" /><testcase classname="assets.evaluators.tests.test_evaluators_behavior.test_f1_score_evaluator_behavior.TestF1ScoreEvaluatorBehavior" name="test_both_empty" time="0.001" /><testcase classname="assets.evaluators.tests.test_evaluators_behavior.test_f1_score_evaluator_behavior.TestF1ScoreEvaluatorBehavior" name="test_whitespace_only_response" time="0.001" /><testcase classname="assets.evaluators.tests.test_evaluators_behavior.test_f1_score_evaluator_behavior.TestF1ScoreEvaluatorBehavior" name="test_articles_only_text" time="0.001" /><testcase classname="assets.evaluators.tests.test_evaluators_behavior.test_f1_score_evaluator_behavior.TestF1ScoreEvaluatorBehavior" name="test_punctuation_only" time="0.001" /><testcase classname="assets.evaluators.tests.test_evaluators_behavior.test_f1_score_evaluator_behavior.TestF1ScoreEvaluatorBehavior" name="test_numeric_text" time="0.001" /><testcase classname="assets.evaluators.tests.test_evaluators_behavior.test_f1_score_evaluator_behavior.TestF1ScoreEvaluatorBehavior" name="test_numbers_as_words" time="0.001" /><testcase classname="assets.evaluators.tests.test_evaluators_behavior.test_f1_score_evaluator_behavior.TestF1ScoreEvaluatorBehavior" name="test_partial_numeric_overlap" time="0.001" /><testcase classname="assets.evaluators.tests.test_evaluators_behavior.test_f1_score_evaluator_behavior.TestF1ScoreEvaluatorBehavior" name="test_long_identical_text" time="0.001" /><testcase classname="assets.evaluators.tests.test_evaluators_behavior.test_f1_score_evaluator_behavior.TestF1ScoreEvaluatorBehavior" name="test_long_vs_short" time="0.001" /><testcase classname="assets.evaluators.tests.test_evaluators_behavior.test_f1_score_evaluator_behavior.TestF1ScoreEvaluatorBehavior" name="test_unicode_text" time="0.001" /><testcase classname="assets.evaluators.tests.test_evaluators_behavior.test_f1_score_evaluator_behavior.TestF1ScoreEvaluatorBehavior" name="test_unicode_partial_match" time="0.001" /><testcase classname="assets.evaluators.tests.test_evaluators_behavior.test_f1_score_evaluator_behavior.TestF1ScoreEvaluatorBehavior" name="test_precision_recall_balance" time="0.001" /><testcase classname="assets.evaluators.tests.test_evaluators_behavior.test_f1_score_evaluator_behavior.TestF1ScoreEvaluatorBehavior" name="test_high_precision_low_recall" time="0.001" /><testcase classname="assets.evaluators.tests.test_evaluators_behavior.test_f1_score_evaluator_behavior.TestF1ScoreEvaluatorBehavior" name="test_low_precision_high_recall" time="0.001" /><testcase classname="assets.evaluators.tests.test_evaluators_behavior.test_f1_score_evaluator_behavior.TestF1ScoreEvaluatorBehavior" name="test_none_response" time="0.001" /><testcase classname="assets.evaluators.tests.test_evaluators_behavior.test_f1_score_evaluator_behavior.TestF1ScoreEvaluatorBehavior" name="test_none_ground_truth" time="0.000" /><testcase classname="assets.evaluators.tests.test_evaluators_behavior.test_f1_score_evaluator_behavior.TestF1ScoreEvaluatorBehavior" name="test_both_none" time="0.001" /><testcase classname="assets.evaluators.tests.test_evaluators_behavior.test_f1_score_evaluator_behavior.TestF1ScoreEvaluatorBehavior" name="test_invalid_response_type_int" time="0.000" /><testcase classname="assets.evaluators.tests.test_evaluators_behavior.test_f1_score_evaluator_behavior.TestF1ScoreEvaluatorBehavior" name="test_invalid_response_type_list" time="0.001" /><testcase classname="assets.evaluators.tests.test_evaluators_behavior.test_f1_score_evaluator_behavior.TestF1ScoreEvaluatorBehavior" name="test_invalid_ground_truth_type_dict" time="0.001" /><testcase classname="assets.evaluators.tests.test_evaluators_behavior.test_f1_score_evaluator_behavior.TestF1ScoreEvaluatorBehavior" name="test_output_contains_required_keys" time="0.001" /><testcase classname="assets.evaluators.tests.test_evaluators_behavior.test_f1_score_evaluator_behavior.TestF1ScoreEvaluatorBehavior" name="test_output_score_type" time="0.001" /><testcase classname="assets.evaluators.tests.test_evaluators_behavior.test_f1_score_evaluator_behavior.TestF1ScoreEvaluatorBehavior" name="test_output_result_values" time="0.000" /><testcase classname="assets.evaluators.tests.test_evaluators_behavior.test_f1_score_evaluator_behavior.TestF1ScoreEvaluatorBehavior" name="test_output_threshold_matches_input" time="0.001" /><testcase classname="assets.evaluators.tests.test_evaluators_behavior.test_f1_score_evaluator_behavior.TestF1ScoreEvaluatorBehavior" name="test_f1_score_range_various_inputs" time="0.001" /><testcase classname="assets.evaluators.tests.test_evaluators_behavior.test_f1_score_evaluator_behavior.TestF1ScoreEvaluatorBehavior" name="test_article_boundary_cases" time="0.001" /><testcase classname="assets.evaluators.tests.test_evaluators_behavior.test_f1_score_evaluator_behavior.TestF1ScoreEvaluatorBehavior" name="test_standalone_articles_only" time="0.001" /><testcase classname="assets.evaluators.tests.test_evaluators_behavior.test_fluency_evaluator_behavior.TestFluencyEvaluatorBehavior" name="test_function_tool_local_calls" time="0.004" /><testcase classname="assets.evaluators.tests.test_evaluators_behavior.test_fluency_evaluator_behavior.TestFluencyEvaluatorBehavior" name="test_code_interpreter" time="0.004" /><testcase classname="assets.evaluators.tests.test_evaluators_behavior.test_fluency_evaluator_behavior.TestFluencyEvaluatorBehavior" name="test_bing_grounding" time="0.003" /><testcase classname="assets.evaluators.tests.test_evaluators_behavior.test_fluency_evaluator_behavior.TestFluencyEvaluatorBehavior" name="test_bing_custom_search" time="0.003" /><testcase classname="assets.evaluators.tests.test_evaluators_behavior.test_fluency_evaluator_behavior.TestFluencyEvaluatorBehavior" name="test_file_search" time="0.003" /><testcase classname="assets.evaluators.tests.test_evaluators_behavior.test_fluency_evaluator_behavior.TestFluencyEvaluatorBehavior" name="test_azure_ai_search" time="0.003" /><testcase classname="assets.evaluators.tests.test_evaluators_behavior.test_fluency_evaluator_behavior.TestFluencyEvaluatorBehavior" name="test_sharepoint_grounding" time="0.003" /><testcase classname="assets.evaluators.tests.test_evaluators_behavior.test_fluency_evaluator_behavior.TestFluencyEvaluatorBehavior" name="test_fabric_data_agent" time="0.004" /><testcase classname="assets.evaluators.tests.test_evaluators_behavior.test_fluency_evaluator_behavior.TestFluencyEvaluatorBehavior" name="test_openapi" time="0.003" /><testcase classname="assets.evaluators.tests.test_evaluators_behavior.test_fluency_evaluator_behavior.TestFluencyEvaluatorBehavior" name="test_web_search" time="0.003" /><testcase classname="assets.evaluators.tests.test_evaluators_behavior.test_fluency_evaluator_behavior.TestFluencyEvaluatorBehavior" name="test_browser_automation" time="0.003" /><testcase classname="assets.evaluators.tests.test_evaluators_behavior.test_fluency_evaluator_behavior.TestFluencyEvaluatorBehavior" name="test_computer_use" time="0.003" /><testcase classname="assets.evaluators.tests.test_evaluators_behavior.test_fluency_evaluator_behavior.TestFluencyEvaluatorBehavior" name="test_image_generation" time="0.003" /><testcase classname="assets.evaluators.tests.test_evaluators_behavior.test_fluency_evaluator_behavior.TestFluencyEvaluatorBehavior" name="test_memory_search" time="0.003" /><testcase classname="assets.evaluators.tests.test_evaluators_behavior.test_fluency_evaluator_behavior.TestFluencyEvaluatorBehavior" name="test_kb_mcp" time="0.003" /><testcase classname="assets.evaluators.tests.test_evaluators_behavior.test_fluency_evaluator_behavior.TestFluencyEvaluatorBehavior" name="test_mcp" time="0.004" /><testcase classname="assets.evaluators.tests.test_evaluators_behavior.test_fluency_evaluator_behavior.TestFluencyEvaluatorBehavior" name="test_all_valid_inputs" time="0.003" /><testcase classname="assets.evaluators.tests.test_evaluators_behavior.test_fluency_evaluator_behavior.TestFluencyEvaluatorBehavior" name="test_query_not_present" time="0.003" /><testcase classname="assets.evaluators.tests.test_evaluators_behavior.test_fluency_evaluator_behavior.TestFluencyEvaluatorBehavior" name="test_query_as_string" time="0.003" /><testcase classname="assets.evaluators.tests.test_evaluators_behavior.test_fluency_evaluator_behavior.TestFluencyEvaluatorBehavior" name="test_query_invalid_format_as_string" time="0.003" /><testcase classname="assets.evaluators.tests.test_evaluators_behavior.test_fluency_evaluator_behavior.TestFluencyEvaluatorBehavior" name="test_query_invalid_format" time="0.003" /><testcase classname="assets.evaluators.tests.test_evaluators_behavior.test_fluency_evaluator_behavior.TestFluencyEvaluatorBehavior" name="test_query_wrong_type" time="0.003" /><testcase classname="assets.evaluators.tests.test_evaluators_behavior.test_fluency_evaluator_behavior.TestFluencyEvaluatorBehavior" name="test_query_empty_list" time="0.003" /><testcase classname="assets.evaluators.tests.test_evaluators_behavior.test_fluency_evaluator_behavior.TestFluencyEvaluatorBehavior" name="test_query_missing_role_parameter" time="0.003" /><testcase classname="assets.evaluators.tests.test_evaluators_behavior.test_fluency_evaluator_behavior.TestFluencyEvaluatorBehavior" name="test_query_valid_system_role_parameter" time="0.003" /><testcase classname="assets.evaluators.tests.test_evaluators_behavior.test_fluency_evaluator_behavior.TestFluencyEvaluatorBehavior" name="test_query_invalid_role_parameter" time="0.003" /><testcase classname="assets.evaluators.tests.test_evaluators_behavior.test_fluency_evaluator_behavior.TestFluencyEvaluatorBehavior" name="test_query_missing_content_parameter" time="0.003" /><testcase classname="assets.evaluators.tests.test_evaluators_behavior.test_fluency_evaluator_behavior.TestFluencyEvaluatorBehavior" name="test_query_empty_content_parameter" time="0.003" /><testcase classname="assets.evaluators.tests.test_evaluators_behavior.test_fluency_evaluator_behavior.TestFluencyEvaluatorBehavior" name="test_query_invalid_content_parameter_type" time="0.003" /><testcase classname="assets.evaluators.tests.test_evaluators_behavior.test_fluency_evaluator_behavior.TestFluencyEvaluatorBehavior" name="test_query_valid_content_parameter" time="0.003" /><testcase classname="assets.evaluators.tests.test_evaluators_behavior.test_fluency_evaluator_behavior.TestFluencyEvaluatorBehavior" name="test_query_missing_text_parameter_in_content" time="0.003" /><testcase classname="assets.evaluators.tests.test_evaluators_behavior.test_fluency_evaluator_behavior.TestFluencyEvaluatorBehavior" name="test_query_missing_type_parameter_in_content" time="0.003" /><testcase classname="assets.evaluators.tests.test_evaluators_behavior.test_fluency_evaluator_behavior.TestFluencyEvaluatorBehavior" name="test_query_invalid_type_parameter_in_content" time="0.003" /><testcase classname="assets.evaluators.tests.test_evaluators_behavior.test_fluency_evaluator_behavior.TestFluencyEvaluatorBehavior" name="test_query_valid_type_parameter_in_content" time="0.004" /><testcase classname="assets.evaluators.tests.test_evaluators_behavior.test_fluency_evaluator_behavior.TestFluencyEvaluatorBehavior" name="test_response_not_present" time="0.003" /><testcase classname="assets.evaluators.tests.test_evaluators_behavior.test_fluency_evaluator_behavior.TestFluencyEvaluatorBehavior" name="test_response_as_string" time="0.003" /><testcase classname="assets.evaluators.tests.test_evaluators_behavior.test_fluency_evaluator_behavior.TestFluencyEvaluatorBehavior" name="test_response_invalid_format_as_string" time="0.003" /><testcase classname="assets.evaluators.tests.test_evaluators_behavior.test_fluency_evaluator_behavior.TestFluencyEvaluatorBehavior" name="test_response_invalid_format" time="0.003" /><testcase classname="assets.evaluators.tests.test_evaluators_behavior.test_fluency_evaluator_behavior.TestFluencyEvaluatorBehavior" name="test_response_wrong_type" time="0.003" /><testcase classname="assets.evaluators.tests.test_evaluators_behavior.test_fluency_evaluator_behavior.TestFluencyEvaluatorBehavior" name="test_response_empty_list" time="0.003" /><testcase classname="assets.evaluators.tests.test_evaluators_behavior.test_fluency_evaluator_behavior.TestFluencyEvaluatorBehavior" name="test_response_minimal_format" time="0.003" /><testcase classname="assets.evaluators.tests.test_evaluators_behavior.test_fluency_evaluator_behavior.TestFluencyEvaluatorBehavior" name="test_response_missing_role_parameter" time="0.003" /><testcase classname="assets.evaluators.tests.test_evaluators_behavior.test_fluency_evaluator_behavior.TestFluencyEvaluatorBehavior" name="test_response_invalid_role_parameter" time="0.003" /><testcase classname="assets.evaluators.tests.test_evaluators_behavior.test_fluency_evaluator_behavior.TestFluencyEvaluatorBehavior" name="test_response_missing_content_parameter" time="0.003" /><testcase classname="assets.evaluators.tests.test_evaluators_behavior.test_fluency_evaluator_behavior.TestFluencyEvaluatorBehavior" name="test_response_empty_content_parameter" time="0.003" /><testcase classname="assets.evaluators.tests.test_evaluators_behavior.test_fluency_evaluator_behavior.TestFluencyEvaluatorBehavior" name="test_response_invalid_content_parameter_type" time="0.003" /><testcase classname="assets.evaluators.tests.test_evaluators_behavior.test_fluency_evaluator_behavior.TestFluencyEvaluatorBehavior" name="test_response_valid_content_parameter" time="0.004" /><testcase classname="assets.evaluators.tests.test_evaluators_behavior.test_fluency_evaluator_behavior.TestFluencyEvaluatorBehavior" name="test_response_missing_text_parameter_in_content" time="0.003" /><testcase classname="assets.evaluators.tests.test_evaluators_behavior.test_fluency_evaluator_behavior.TestFluencyEvaluatorBehavior" name="test_response_missing_type_parameter_in_content" time="0.003" /><testcase classname="assets.evaluators.tests.test_evaluators_behavior.test_fluency_evaluator_behavior.TestFluencyEvaluatorBehavior" name="test_response_invalid_type_parameter_in_content" time="0.003" /><testcase classname="assets.evaluators.tests.test_evaluators_behavior.test_fluency_evaluator_behavior.TestFluencyEvaluatorBehavior" name="test_response_valid_type_parameter_in_content" time="0.003" /><testcase classname="assets.evaluators.tests.test_evaluators_behavior.test_fluency_evaluator_behavior.TestFluencyEvaluatorBehavior" name="test_response_missing_tool_call_id_parameter" time="0.003" /><testcase classname="assets.evaluators.tests.test_evaluators_behavior.test_fluency_evaluator_behavior.TestFluencyEvaluatorBehavior" name="test_response_missing_tool_result_parameter_in_content" time="0.003" /><testcase classname="assets.evaluators.tests.test_evaluators_behavior.test_fluency_evaluator_behavior.TestFluencyEvaluatorBehavior" name="test_response_invalid_tool_result_parameter_in_content" time="0.003" /><testcase classname="assets.evaluators.tests.test_evaluators_behavior.test_fluency_evaluator_behavior.TestFluencyEvaluatorBehavior" name="test_response_missing_tool_call_id_parameter_in_content" time="0.003" /><testcase classname="assets.evaluators.tests.test_evaluators_behavior.test_fluency_evaluator_behavior.TestFluencyEvaluatorBehavior" name="test_response_missing_name_parameter_in_content" time="0.003" /><testcase classname="assets.evaluators.tests.test_evaluators_behavior.test_fluency_evaluator_behavior.TestFluencyEvaluatorBehavior" name="test_response_missing_arguments_parameter_in_content" time="0.003" /><testcase classname="assets.evaluators.tests.test_evaluators_behavior.test_fluency_evaluator_behavior.TestFluencyEvaluatorBehavior" name="test_response_invalid_arguments_parameter_in_content" time="0.003" /><testcase classname="assets.evaluators.tests.test_evaluators_behavior.test_fluency_evaluator_behavior.TestFluencyEvaluatorBehavior" name="test_function_call_response" time="0.007" /><testcase classname="assets.evaluators.tests.test_evaluators_behavior.test_fluency_evaluator_behavior.TestFluencyEvaluatorBehavior" name="test_mcp_approval_response" time="0.006" /><testcase classname="assets.evaluators.tests.test_evaluators_behavior.test_gleu_score_evaluator_behavior.TestGleuScoreEvaluatorBehavior" name="test_identical_text" time="0.003" /><testcase classname="assets.evaluators.tests.test_evaluators_behavior.test_gleu_score_evaluator_behavior.TestGleuScoreEvaluatorBehavior" name="test_identical_single_word" time="0.003" /><testcase classname="assets.evaluators.tests.test_evaluators_behavior.test_gleu_score_evaluator_behavior.TestGleuScoreEvaluatorBehavior" name="test_high_similarity" time="0.003" /><testcase classname="assets.evaluators.tests.test_evaluators_behavior.test_gleu_score_evaluator_behavior.TestGleuScoreEvaluatorBehavior" name="test_low_similarity" time="0.003" /><testcase classname="assets.evaluators.tests.test_evaluators_behavior.test_gleu_score_evaluator_behavior.TestGleuScoreEvaluatorBehavior" name="test_partial_match" time="0.003" /><testcase classname="assets.evaluators.tests.test_evaluators_behavior.test_gleu_score_evaluator_behavior.TestGleuScoreEvaluatorBehavior" name="test_multi_sentence" time="0.003" /><testcase classname="assets.evaluators.tests.test_evaluators_behavior.test_gleu_score_evaluator_behavior.TestGleuScoreEvaluatorBehavior" name="test_word_order_matters" time="0.006" /><testcase classname="assets.evaluators.tests.test_evaluators_behavior.test_gleu_score_evaluator_behavior.TestGleuScoreEvaluatorBehavior" name="test_bigram_overlap" time="0.003" /><testcase classname="assets.evaluators.tests.test_evaluators_behavior.test_gleu_score_evaluator_behavior.TestGleuScoreEvaluatorBehavior" name="test_bigram_similar" time="0.003" /><testcase classname="assets.evaluators.tests.test_evaluators_behavior.test_gleu_score_evaluator_behavior.TestGleuScoreEvaluatorBehavior" name="test_threshold_low_pass" time="0.003" /><testcase classname="assets.evaluators.tests.test_evaluators_behavior.test_gleu_score_evaluator_behavior.TestGleuScoreEvaluatorBehavior" name="test_threshold_high_fail" time="0.003" /><testcase classname="assets.evaluators.tests.test_evaluators_behavior.test_gleu_score_evaluator_behavior.TestGleuScoreEvaluatorBehavior" name="test_threshold_zero" time="0.003" /><testcase classname="assets.evaluators.tests.test_evaluators_behavior.test_gleu_score_evaluator_behavior.TestGleuScoreEvaluatorBehavior" name="test_threshold_one" time="0.003" /><testcase classname="assets.evaluators.tests.test_evaluators_behavior.test_gleu_score_evaluator_behavior.TestGleuScoreEvaluatorBehavior" name="test_default_threshold" time="0.003" /><testcase classname="assets.evaluators.tests.test_evaluators_behavior.test_gleu_score_evaluator_behavior.TestGleuScoreEvaluatorBehavior" name="test_empty_response" time="0.003" /><testcase classname="assets.evaluators.tests.test_evaluators_behavior.test_gleu_score_evaluator_behavior.TestGleuScoreEvaluatorBehavior" name="test_empty_ground_truth" time="0.003" /><testcase classname="assets.evaluators.tests.test_evaluators_behavior.test_gleu_score_evaluator_behavior.TestGleuScoreEvaluatorBehavior" name="test_both_empty" time="0.003" /><testcase classname="assets.evaluators.tests.test_evaluators_behavior.test_gleu_score_evaluator_behavior.TestGleuScoreEvaluatorBehavior" name="test_whitespace_only_response" time="0.003" /><testcase classname="assets.evaluators.tests.test_evaluators_behavior.test_gleu_score_evaluator_behavior.TestGleuScoreEvaluatorBehavior" name="test_single_character" time="0.003" /><testcase classname="assets.evaluators.tests.test_evaluators_behavior.test_gleu_score_evaluator_behavior.TestGleuScoreEvaluatorBehavior" name="test_punctuation_only" time="0.003" /><testcase classname="assets.evaluators.tests.test_evaluators_behavior.test_gleu_score_evaluator_behavior.TestGleuScoreEvaluatorBehavior" name="test_numbers_only" time="0.003" /><testcase classname="assets.evaluators.tests.test_evaluators_behavior.test_gleu_score_evaluator_behavior.TestGleuScoreEvaluatorBehavior" name="test_case_sensitivity_lower_upper" time="0.003" /><testcase classname="assets.evaluators.tests.test_evaluators_behavior.test_gleu_score_evaluator_behavior.TestGleuScoreEvaluatorBehavior" name="test_case_sensitivity_lower_mixed" time="0.003" /><testcase classname="assets.evaluators.tests.test_evaluators_behavior.test_gleu_score_evaluator_behavior.TestGleuScoreEvaluatorBehavior" name="test_special_characters" time="0.003" /><testcase classname="assets.evaluators.tests.test_evaluators_behavior.test_gleu_score_evaluator_behavior.TestGleuScoreEvaluatorBehavior" name="test_unicode_text" time="0.003" /><testcase classname="assets.evaluators.tests.test_evaluators_behavior.test_gleu_score_evaluator_behavior.TestGleuScoreEvaluatorBehavior" name="test_unicode_partial_match" time="0.003" /><testcase classname="assets.evaluators.tests.test_evaluators_behavior.test_gleu_score_evaluator_behavior.TestGleuScoreEvaluatorBehavior" name="test_emoji_text" time="0.003" /><testcase classname="assets.evaluators.tests.test_evaluators_behavior.test_gleu_score_evaluator_behavior.TestGleuScoreEvaluatorBehavior" name="test_long_identical_text" time="0.004" /><testcase classname="assets.evaluators.tests.test_evaluators_behavior.test_gleu_score_evaluator_behavior.TestGleuScoreEvaluatorBehavior" name="test_long_vs_short" time="0.004" /><testcase classname="assets.evaluators.tests.test_evaluators_behavior.test_gleu_score_evaluator_behavior.TestGleuScoreEvaluatorBehavior" name="test_code_text" time="0.003" /><testcase classname="assets.evaluators.tests
[...]
vior.TestToolOutputUtilizationEvaluatorBehavior" name="test_tool_definitions_as_string" time="0.014" /><testcase classname="assets.evaluators.tests.test_evaluators_behavior.test_tool_output_utilization_evaluator_behavior.TestToolOutputUtilizationEvaluatorBehavior" name="test_tool_definitions_invalid_format_as_string" time="0.014" /><testcase classname="assets.evaluators.tests.test_evaluators_behavior.test_tool_output_utilization_evaluator_behavior.TestToolOutputUtilizationEvaluatorBehavior" name="test_tool_definitions_invalid_format" time="0.013" /><testcase classname="assets.evaluators.tests.test_evaluators_behavior.test_tool_output_utilization_evaluator_behavior.TestToolOutputUtilizationEvaluatorBehavior" name="test_tool_definitions_wrong_type" time="0.015" /><testcase classname="assets.evaluators.tests.test_evaluators_behavior.test_tool_output_utilization_evaluator_behavior.TestToolOutputUtilizationEvaluatorBehavior" name="test_tool_definitions_empty_list" time="0.014" /><testcase classname="assets.evaluators.tests.test_evaluators_behavior.test_tool_output_utilization_evaluator_behavior.TestToolOutputUtilizationEvaluatorBehavior" name="test_tool_definitions_missing_name_parameter" time="0.015" /><testcase classname="assets.evaluators.tests.test_evaluators_behavior.test_tool_output_utilization_evaluator_behavior.TestToolOutputUtilizationEvaluatorBehavior" name="test_tool_definitions_missing_parameters_parameter" time="0.014" /><testcase classname="assets.evaluators.tests.test_evaluators_behavior.test_tool_output_utilization_evaluator_behavior.TestToolOutputUtilizationEvaluatorBehavior" name="test_tool_definitions_invalid_parameters_type" time="0.013" /><testcase classname="assets.evaluators.tests.test_evaluators_behavior.test_tool_selection_evaluator_behavior.TestToolSelectionEvaluatorBehavior" name="test_function_tool_local_calls" time="0.013" /><testcase classname="assets.evaluators.tests.test_evaluators_behavior.test_tool_selection_evaluator_behavior.TestToolSelectionEvaluatorBehavior" name="test_code_interpreter" time="0.013" /><testcase classname="assets.evaluators.tests.test_evaluators_behavior.test_tool_selection_evaluator_behavior.TestToolSelectionEvaluatorBehavior" name="test_bing_grounding" time="0.013" /><testcase classname="assets.evaluators.tests.test_evaluators_behavior.test_tool_selection_evaluator_behavior.TestToolSelectionEvaluatorBehavior" name="test_bing_custom_search" time="0.012" /><testcase classname="assets.evaluators.tests.test_evaluators_behavior.test_tool_selection_evaluator_behavior.TestToolSelectionEvaluatorBehavior" name="test_file_search" time="0.013" /><testcase classname="assets.evaluators.tests.test_evaluators_behavior.test_tool_selection_evaluator_behavior.TestToolSelectionEvaluatorBehavior" name="test_azure_ai_search" time="0.012" /><testcase classname="assets.evaluators.tests.test_evaluators_behavior.test_tool_selection_evaluator_behavior.TestToolSelectionEvaluatorBehavior" name="test_sharepoint_grounding" time="0.013" /><testcase classname="assets.evaluators.tests.test_evaluators_behavior.test_tool_selection_evaluator_behavior.TestToolSelectionEvaluatorBehavior" name="test_fabric_data_agent" time="0.013" /><testcase classname="assets.evaluators.tests.test_evaluators_behavior.test_tool_selection_evaluator_behavior.TestToolSelectionEvaluatorBehavior" name="test_openapi" time="0.012" /><testcase classname="assets.evaluators.tests.test_evaluators_behavior.test_tool_selection_evaluator_behavior.TestToolSelectionEvaluatorBehavior" name="test_web_search" time="0.013" /><testcase classname="assets.evaluators.tests.test_evaluators_behavior.test_tool_selection_evaluator_behavior.TestToolSelectionEvaluatorBehavior" name="test_browser_automation" time="0.013" /><testcase classname="assets.evaluators.tests.test_evaluators_behavior.test_tool_selection_evaluator_behavior.TestToolSelectionEvaluatorBehavior" name="test_computer_use" time="0.012" /><testcase classname="assets.evaluators.tests.test_evaluators_behavior.test_tool_selection_evaluator_behavior.TestToolSelectionEvaluatorBehavior" name="test_image_generation" time="0.013" /><testcase classname="assets.evaluators.tests.test_evaluators_behavior.test_tool_selection_evaluator_behavior.TestToolSelectionEvaluatorBehavior" name="test_memory_search" time="0.013" /><testcase classname="assets.evaluators.tests.test_evaluators_behavior.test_tool_selection_evaluator_behavior.TestToolSelectionEvaluatorBehavior" name="test_kb_mcp" time="0.013" /><testcase classname="assets.evaluators.tests.test_evaluators_behavior.test_tool_selection_evaluator_behavior.TestToolSelectionEvaluatorBehavior" name="test_mcp" time="0.013" /><testcase classname="assets.evaluators.tests.test_evaluators_behavior.test_tool_selection_evaluator_behavior.TestToolSelectionEvaluatorBehavior" name="test_all_valid_inputs" time="0.013" /><testcase classname="assets.evaluators.tests.test_evaluators_behavior.test_tool_selection_evaluator_behavior.TestToolSelectionEvaluatorBehavior" name="test_query_not_present" time="0.013" /><testcase classname="assets.evaluators.tests.test_evaluators_behavior.test_tool_selection_evaluator_behavior.TestToolSelectionEvaluatorBehavior" name="test_query_as_string" time="0.015" /><testcase classname="assets.evaluators.tests.test_evaluators_behavior.test_tool_selection_evaluator_behavior.TestToolSelectionEvaluatorBehavior" name="test_query_invalid_format_as_string" time="0.014" /><testcase classname="assets.evaluators.tests.test_evaluators_behavior.test_tool_selection_evaluator_behavior.TestToolSelectionEvaluatorBehavior" name="test_query_invalid_format" time="0.013" /><testcase classname="assets.evaluators.tests.test_evaluators_behavior.test_tool_selection_evaluator_behavior.TestToolSelectionEvaluatorBehavior" name="test_query_wrong_type" time="0.014" /><testcase classname="assets.evaluators.tests.test_evaluators_behavior.test_tool_selection_evaluator_behavior.TestToolSelectionEvaluatorBehavior" name="test_query_empty_list" time="0.013" /><testcase classname="assets.evaluators.tests.test_evaluators_behavior.test_tool_selection_evaluator_behavior.TestToolSelectionEvaluatorBehavior" name="test_query_missing_role_parameter" time="0.013" /><testcase classname="assets.evaluators.tests.test_evaluators_behavior.test_tool_selection_evaluator_behavior.TestToolSelectionEvaluatorBehavior" name="test_query_valid_system_role_parameter" time="0.013" /><testcase classname="assets.evaluators.tests.test_evaluators_behavior.test_tool_selection_evaluator_behavior.TestToolSelectionEvaluatorBehavior" name="test_query_invalid_role_parameter" time="0.013" /><testcase classname="assets.evaluators.tests.test_evaluators_behavior.test_tool_selection_evaluator_behavior.TestToolSelectionEvaluatorBehavior" name="test_query_missing_content_parameter" time="0.013" /><testcase classname="assets.evaluators.tests.test_evaluators_behavior.test_tool_selection_evaluator_behavior.TestToolSelectionEvaluatorBehavior" name="test_query_empty_content_parameter" time="0.013" /><testcase classname="assets.evaluators.tests.test_evaluators_behavior.test_tool_selection_evaluator_behavior.TestToolSelectionEvaluatorBehavior" name="test_query_invalid_content_parameter_type" time="0.013" /><testcase classname="assets.evaluators.tests.test_evaluators_behavior.test_tool_selection_evaluator_behavior.TestToolSelectionEvaluatorBehavior" name="test_query_valid_content_parameter" time="0.013" /><testcase classname="assets.evaluators.tests.test_evaluators_behavior.test_tool_selection_evaluator_behavior.TestToolSelectionEvaluatorBehavior" name="test_query_missing_text_parameter_in_content" time="0.012" /><testcase classname="assets.evaluators.tests.test_evaluators_behavior.test_tool_selection_evaluator_behavior.TestToolSelectionEvaluatorBehavior" name="test_query_missing_type_parameter_in_content" time="0.013" /><testcase classname="assets.evaluators.tests.test_evaluators_behavior.test_tool_selection_evaluator_behavior.TestToolSelectionEvaluatorBehavior" name="test_query_invalid_type_parameter_in_content" time="0.013" /><testcase classname="assets.evaluators.tests.test_evaluators_behavior.test_tool_selection_evaluator_behavior.TestToolSelectionEvaluatorBehavior" name="test_query_valid_type_parameter_in_content" time="0.013" /><testcase classname="assets.evaluators.tests.test_evaluators_behavior.test_tool_selection_evaluator_behavior.TestToolSelectionEvaluatorBehavior" name="test_response_not_present" time="0.012" /><testcase classname="assets.evaluators.tests.test_evaluators_behavior.test_tool_selection_evaluator_behavior.TestToolSelectionEvaluatorBehavior" name="test_response_as_string" time="0.013" /><testcase classname="assets.evaluators.tests.test_evaluators_behavior.test_tool_selection_evaluator_behavior.TestToolSelectionEvaluatorBehavior" name="test_response_invalid_format_as_string" time="0.012" /><testcase classname="assets.evaluators.tests.test_evaluators_behavior.test_tool_selection_evaluator_behavior.TestToolSelectionEvaluatorBehavior" name="test_response_invalid_format" time="0.013" /><testcase classname="assets.evaluators.tests.test_evaluators_behavior.test_tool_selection_evaluator_behavior.TestToolSelectionEvaluatorBehavior" name="test_response_wrong_type" time="0.013" /><testcase classname="assets.evaluators.tests.test_evaluators_behavior.test_tool_selection_evaluator_behavior.TestToolSelectionEvaluatorBehavior" name="test_response_empty_list" time="0.014" /><testcase classname="assets.evaluators.tests.test_evaluators_behavior.test_tool_selection_evaluator_behavior.TestToolSelectionEvaluatorBehavior" name="test_response_minimal_format" time="0.014" /><testcase classname="assets.evaluators.tests.test_evaluators_behavior.test_tool_selection_evaluator_behavior.TestToolSelectionEvaluatorBehavior" name="test_response_missing_role_parameter" time="0.013" /><testcase classname="assets.evaluators.tests.test_evaluators_behavior.test_tool_selection_evaluator_behavior.TestToolSelectionEvaluatorBehavior" name="test_response_invalid_role_parameter" time="0.013" /><testcase classname="assets.evaluators.tests.test_evaluators_behavior.test_tool_selection_evaluator_behavior.TestToolSelectionEvaluatorBehavior" name="test_response_missing_content_parameter" time="0.013" /><testcase classname="assets.evaluators.tests.test_evaluators_behavior.test_tool_selection_evaluator_behavior.TestToolSelectionEvaluatorBehavior" name="test_response_empty_content_parameter" time="0.013" /><testcase classname="assets.evaluators.tests.test_evaluators_behavior.test_tool_selection_evaluator_behavior.TestToolSelectionEvaluatorBehavior" name="test_response_invalid_content_parameter_type" time="0.013" /><testcase classname="assets.evaluators.tests.test_evaluators_behavior.test_tool_selection_evaluator_behavior.TestToolSelectionEvaluatorBehavior" name="test_response_valid_content_parameter" time="0.014" /><testcase classname="assets.evaluators.tests.test_evaluators_behavior.test_tool_selection_evaluator_behavior.TestToolSelectionEvaluatorBehavior" name="test_response_missing_text_parameter_in_content" time="0.014" /><testcase classname="assets.evaluators.tests.test_evaluators_behavior.test_tool_selection_evaluator_behavior.TestToolSelectionEvaluatorBehavior" name="test_response_missing_type_parameter_in_content" time="0.013" /><testcase classname="assets.evaluators.tests.test_evaluators_behavior.test_tool_selection_evaluator_behavior.TestToolSelectionEvaluatorBehavior" name="test_response_invalid_type_parameter_in_content" time="0.012" /><testcase classname="assets.evaluators.tests.test_evaluators_behavior.test_tool_selection_evaluator_behavior.TestToolSelectionEvaluatorBehavior" name="test_response_valid_type_parameter_in_content" time="0.013" /><testcase classname="assets.evaluators.tests.test_evaluators_behavior.test_tool_selection_evaluator_behavior.TestToolSelectionEvaluatorBehavior" name="test_response_missing_tool_call_id_parameter" time="0.013" /><testcase classname="assets.evaluators.tests.test_evaluators_behavior.test_tool_selection_evaluator_behavior.TestToolSelectionEvaluatorBehavior" name="test_response_missing_tool_result_parameter_in_content" time="0.014" /><testcase classname="assets.evaluators.tests.test_evaluators_behavior.test_tool_selection_evaluator_behavior.TestToolSelectionEvaluatorBehavior" name="test_response_invalid_tool_result_parameter_in_content" time="0.014" /><testcase classname="assets.evaluators.tests.test_evaluators_behavior.test_tool_selection_evaluator_behavior.TestToolSelectionEvaluatorBehavior" name="test_response_missing_tool_call_id_parameter_in_content" time="0.014" /><testcase classname="assets.evaluators.tests.test_evaluators_behavior.test_tool_selection_evaluator_behavior.TestToolSelectionEvaluatorBehavior" name="test_response_missing_name_parameter_in_content" time="0.015" /><testcase classname="assets.evaluators.tests.test_evaluators_behavior.test_tool_selection_evaluator_behavior.TestToolSelectionEvaluatorBehavior" name="test_response_missing_arguments_parameter_in_content" time="0.016" /><testcase classname="assets.evaluators.tests.test_evaluators_behavior.test_tool_selection_evaluator_behavior.TestToolSelectionEvaluatorBehavior" name="test_response_invalid_arguments_parameter_in_content" time="0.017" /><testcase classname="assets.evaluators.tests.test_evaluators_behavior.test_tool_selection_evaluator_behavior.TestToolSelectionEvaluatorBehavior" name="test_function_call_response" time="0.030" /><testcase classname="assets.evaluators.tests.test_evaluators_behavior.test_tool_selection_evaluator_behavior.TestToolSelectionEvaluatorBehavior" name="test_mcp_approval_response" time="0.030" /><testcase classname="assets.evaluators.tests.test_evaluators_behavior.test_tool_selection_evaluator_behavior.TestToolSelectionEvaluatorBehavior" name="test_tool_definitions_not_present" time="0.014" /><testcase classname="assets.evaluators.tests.test_evaluators_behavior.test_tool_selection_evaluator_behavior.TestToolSelectionEvaluatorBehavior" name="test_tool_definitions_as_string" time="0.014" /><testcase classname="assets.evaluators.tests.test_evaluators_behavior.test_tool_selection_evaluator_behavior.TestToolSelectionEvaluatorBehavior" name="test_tool_definitions_invalid_format_as_string" time="0.014" /><testcase classname="assets.evaluators.tests.test_evaluators_behavior.test_tool_selection_evaluator_behavior.TestToolSelectionEvaluatorBehavior" name="test_tool_definitions_invalid_format" time="0.014" /><testcase classname="assets.evaluators.tests.test_evaluators_behavior.test_tool_selection_evaluator_behavior.TestToolSelectionEvaluatorBehavior" name="test_tool_definitions_wrong_type" time="0.015" /><testcase classname="assets.evaluators.tests.test_evaluators_behavior.test_tool_selection_evaluator_behavior.TestToolSelectionEvaluatorBehavior" name="test_tool_definitions_empty_list" time="0.014" /><testcase classname="assets.evaluators.tests.test_evaluators_behavior.test_tool_selection_evaluator_behavior.TestToolSelectionEvaluatorBehavior" name="test_tool_definitions_missing_name_parameter" time="0.015" /><testcase classname="assets.evaluators.tests.test_evaluators_behavior.test_tool_selection_evaluator_behavior.TestToolSelectionEvaluatorBehavior" name="test_tool_definitions_missing_parameters_parameter" time="0.015" /><testcase classname="assets.evaluators.tests.test_evaluators_behavior.test_tool_selection_evaluator_behavior.TestToolSelectionEvaluatorBehavior" name="test_tool_definitions_invalid_parameters_type" time="0.016" /><testcase classname="assets.evaluators.tests.test_evaluators_behavior.test_tool_selection_evaluator_behavior.TestToolSelectionEvaluatorBehavior" name="test_tool_calls_invalid_format_as_string" time="0.014" /><testcase classname="assets.evaluators.tests.test_evaluators_behavior.test_tool_selection_evaluator_behavior.TestToolSelectionEvaluatorBehavior" name="test_tool_calls_invalid_format" time="0.016" /><testcase classname="assets.evaluators.tests.test_evaluators_behavior.test_tool_selection_evaluator_behavior.TestToolSelectionEvaluatorBehavior" name="test_tool_calls_wrong_type" time="0.014" /><testcase classname="assets.evaluators.tests.test_evaluators_behavior.test_tool_selection_evaluator_behavior.TestToolSelectionEvaluatorBehavior" name="test_tool_calls_empty_list" time="0.014" /><testcase classname="assets.evaluators.tests.test_evaluators_behavior.test_tool_selection_evaluator_behavior.TestToolSelectionEvaluatorBehavior" name="test_response_not_present_with_valid_tool_calls" time="0.013" /><testcase classname="assets.evaluators.tests.test_evaluators_behavior.test_tool_selection_evaluator_behavior.TestToolSelectionEvaluatorBehavior" name="test_response_as_string_with_valid_tool_calls" time="0.013" /><testcase classname="assets.evaluators.tests.test_evaluators_behavior.test_tool_selection_evaluator_behavior.TestToolSelectionEvaluatorBehavior" name="test_response_invalid_format_as_string_with_valid_tool_calls" time="0.013" /><testcase classname="assets.evaluators.tests.test_evaluators_behavior.test_tool_selection_evaluator_behavior.TestToolSelectionEvaluatorBehavior" name="test_response_invalid_format_with_valid_tool_calls" time="0.014" /><testcase classname="assets.evaluators.tests.test_evaluators_behavior.test_tool_selection_evaluator_behavior.TestToolSelectionEvaluatorBehavior" name="test_response_wrong_type_with_valid_tool_calls" time="0.014" /><testcase classname="assets.evaluators.tests.test_evaluators_behavior.test_tool_selection_evaluator_behavior.TestToolSelectionEvaluatorBehavior" name="test_response_empty_list_with_valid_tool_calls" time="0.013" /><testcase classname="assets.evaluators.tests.test_evaluators_behavior.test_tool_selection_evaluator_behavior.TestToolSelectionEvaluatorBehavior" name="test_tool_calls_not_present_with_valid_response" time="0.014" /><testcase classname="assets.evaluators.tests.test_evaluators_behavior.test_tool_selection_evaluator_behavior.TestToolSelectionEvaluatorBehavior" name="test_tool_calls_invalid_format_as_string_with_valid_response" time="0.014" /><testcase classname="assets.evaluators.tests.test_evaluators_behavior.test_tool_selection_evaluator_behavior.TestToolSelectionEvaluatorBehavior" name="test_tool_calls_invalid_format_with_valid_response" time="0.013" /><testcase classname="assets.evaluators.tests.test_evaluators_behavior.test_tool_selection_evaluator_behavior.TestToolSelectionEvaluatorBehavior" name="test_tool_calls_wrong_type_with_valid_response" time="0.014" /><testcase classname="assets.evaluators.tests.test_evaluators_behavior.test_tool_selection_evaluator_behavior.TestToolSelectionEvaluatorBehavior" name="test_tool_calls_empty_list_with_valid_response" time="0.013" /><testcase classname="assets.evaluators.tests.test_evaluators_behavior.test_tool_selection_evaluator_behavior.TestToolSelectionEvaluatorBehavior" name="test_tool_definitions_missing_type_parameter" time="0.013" /><testcase classname="assets.evaluators.tests.test_evaluators_behavior.test_tool_selection_evaluator_behavior.TestToolSelectionEvaluatorBehavior" name="test_tool_definitions_invalid_type_parameter" time="0.013" /><testcase classname="assets.evaluators.tests.test_evaluators_behavior.test_tool_selection_evaluator_behavior.TestToolSelectionEvaluatorBehavior" name="test_tool_calls_missing_tool_call_id_parameter" time="0.015" /><testcase classname="assets.evaluators.tests.test_evaluators_behavior.test_tool_selection_evaluator_behavior.TestToolSelectionEvaluatorBehavior" name="test_tool_calls_missing_name_parameter" time="0.014" /><testcase classname="assets.evaluators.tests.test_evaluators_behavior.test_tool_selection_evaluator_behavior.TestToolSelectionEvaluatorBehavior" name="test_tool_calls_missing_arguments_parameter" time="0.016" /><testcase classname="assets.evaluators.tests.test_evaluators_behavior.test_tool_selection_evaluator_behavior.TestToolSelectionEvaluatorBehavior" name="test_tool_calls_invalid_arguments_type" time="0.014" /></testsuite></testsuites>