<?xml version="1.0" encoding="utf-8"?><testsuites name="pytest tests"><testsuite name="pytest" errors="1" failures="4" skipped="0" tests="194" time="6.021" timestamp="2026-04-27T17:24:38.761160+00:00" hostname="runnervmeorf1"><testcase classname="assets.evaluators.tests.test_evaluators_behavior.test_bbeh_evaluator_behavior.TestBBEHEvaluatorBehavior" name="test_exact_match_simple" time="0.001" /><testcase classname="assets.evaluators.tests.test_evaluators_behavior.test_bbeh_evaluator_behavior.TestBBEHEvaluatorBehavior" name="test_exact_match_fails" time="0.001" /><testcase classname="assets.evaluators.tests.test_evaluators_behavior.test_bbeh_evaluator_behavior.TestBBEHEvaluatorBehavior" name="test_latex_boxed_answer" time="0.001" /><testcase classname="assets.evaluators.tests.test_evaluators_behavior.test_bbeh_evaluator_behavior.TestBBEHEvaluatorBehavior" name="test_latex_text_answer" time="0.001" /><testcase classname="assets.evaluators.tests.test_evaluators_behavior.test_bbeh_evaluator_behavior.TestBBEHEvaluatorBehavior" name="test_mcq_parenthesized_answer" time="0.001" /><testcase classname="assets.evaluators.tests.test_evaluators_behavior.test_bbeh_evaluator_behavior.TestBBEHEvaluatorBehavior" name="test_numeric_equality" time="0.001" /><testcase classname="assets.evaluators.tests.test_evaluators_behavior.test_bbeh_evaluator_behavior.TestBBEHEvaluatorBehavior" name="test_case_insensitive" time="0.001" /><testcase classname="assets.evaluators.tests.test_evaluators_behavior.test_bbeh_evaluator_behavior.TestBBEHEvaluatorBehavior" name="test_quote_normalization" time="0.001" /><testcase classname="assets.evaluators.tests.test_evaluators_behavior.test_bbeh_evaluator_behavior.TestBBEHEvaluatorBehavior" name="test_bracket_variations" time="0.001" /><testcase classname="assets.evaluators.tests.test_evaluators_behavior.test_bbeh_evaluator_behavior.TestBBEHEvaluatorBehavior" name="test_multiline_response" time="0.001" /><testcase classname="assets.evaluators.tests.test_evaluators_behavior.test_bbeh_evaluator_behavior.TestBBEHEvaluatorBehavior" name="test_empty_response" time="0.001" /><testcase classname="assets.evaluators.tests.test_evaluators_behavior.test_bbeh_evaluator_behavior.TestBBEHEvaluatorBehavior" name="test_empty_ground_truth" time="0.001" /><testcase classname="assets.evaluators.tests.test_evaluators_behavior.test_bleu_score_evaluator_behavior.TestBleuScoreEvaluatorBehavior" name="test_identical_text" time="1.005" /><testcase classname="assets.evaluators.tests.test_evaluators_behavior.test_bleu_score_evaluator_behavior.TestBleuScoreEvaluatorBehavior" name="test_identical_single_word" time="0.004" /><testcase classname="assets.evaluators.tests.test_evaluators_behavior.test_bleu_score_evaluator_behavior.TestBleuScoreEvaluatorBehavior" name="test_high_similarity" time="0.004" /><testcase classname="assets.evaluators.tests.test_evaluators_behavior.test_bleu_score_evaluator_behavior.TestBleuScoreEvaluatorBehavior" name="test_low_similarity" time="0.004" /><testcase classname="assets.evaluators.tests.test_evaluators_behavior.test_bleu_score_evaluator_behavior.TestBleuScoreEvaluatorBehavior" name="test_partial_match" time="0.004" /><testcase classname="assets.evaluators.tests.test_evaluators_behavior.test_bleu_score_evaluator_behavior.TestBleuScoreEvaluatorBehavior" name="test_multi_sentence" time="0.004" /><testcase classname="assets.evaluators.tests.test_evaluators_behavior.test_bleu_score_evaluator_behavior.TestBleuScoreEvaluatorBehavior" name="test_threshold_low_pass" time="0.004" /><testcase classname="assets.evaluators.tests.test_evaluators_behavior.test_bleu_score_evaluator_behavior.TestBleuScoreEvaluatorBehavior" name="test_threshold_high_fail" time="0.004" /><testcase classname="assets.evaluators.tests.test_evaluators_behavior.test_bleu_score_evaluator_behavior.TestBleuScoreEvaluatorBehavior" name="test_threshold_zero" time="0.004" /><testcase classname="assets.evaluators.tests.test_evaluators_behavior.test_bleu_score_evaluator_behavior.TestBleuScoreEvaluatorBehavior" name="test_threshold_one" time="0.003" /><testcase classname="assets.evaluators.tests.test_evaluators_behavior.test_bleu_score_evaluator_behavior.TestBleuScoreEvaluatorBehavior" name="test_default_threshold" time="0.003" /><testcase classname="assets.evaluators.tests.test_evaluators_behavior.test_bleu_score_evaluator_behavior.TestBleuScoreEvaluatorBehavior" name="test_empty_response" time="0.003" /><testcase classname="assets.evaluators.tests.test_evaluators_behavior.test_bleu_score_evaluator_behavior.TestBleuScoreEvaluatorBehavior" name="test_empty_ground_truth" time="0.003" /><testcase classname="assets.evaluators.tests.test_evaluators_behavior.test_bleu_score_evaluator_behavior.TestBleuScoreEvaluatorBehavior" name="test_both_empty" time="0.003" /><testcase classname="assets.evaluators.tests.test_evaluators_behavior.test_bleu_score_evaluator_behavior.TestBleuScoreEvaluatorBehavior" name="test_whitespace_only_response" time="0.003" /><testcase classname="assets.evaluators.tests.test_evaluators_behavior.test_bleu_score_evaluator_behavior.TestBleuScoreEvaluatorBehavior" name="test_single_character" time="0.004" /><testcase classname="assets.evaluators.tests.test_evaluators_behavior.test_bleu_score_evaluator_behavior.TestBleuScoreEvaluatorBehavior" name="test_punctuation_only" time="0.004" /><testcase classname="assets.evaluators.tests.test_evaluators_behavior.test_bleu_score_evaluator_behavior.TestBleuScoreEvaluatorBehavior" name="test_numbers_only" time="0.003" /><testcase classname="assets.evaluators.tests.test_evaluators_behavior.test_bleu_score_evaluator_behavior.TestBleuScoreEvaluatorBehavior" name="test_case_sensitivity_lower_upper" time="0.003" /><testcase classname="assets.evaluators.tests.test_evaluators_behavior.test_bleu_score_evaluator_behavior.TestBleuScoreEvaluatorBehavior" name="test_case_sensitivity_lower_mixed" time="0.003" /><testcase classname="assets.evaluators.tests.test_evaluators_behavior.test_bleu_score_evaluator_behavior.TestBleuScoreEvaluatorBehavior" name="test_special_characters" time="0.004" /><testcase classname="assets.evaluators.tests.test_evaluators_behavior.test_bleu_score_evaluator_behavior.TestBleuScoreEvaluatorBehavior" name="test_unicode_text" time="0.029" /><testcase classname="assets.evaluators.tests.test_evaluators_behavior.test_bleu_score_evaluator_behavior.TestBleuScoreEvaluatorBehavior" name="test_unicode_partial_match" time="0.004" /><testcase classname="assets.evaluators.tests.test_evaluators_behavior.test_bleu_score_evaluator_behavior.TestBleuScoreEvaluatorBehavior" name="test_emoji_text" time="0.003" /><testcase classname="assets.evaluators.tests.test_evaluators_behavior.test_bleu_score_evaluator_behavior.TestBleuScoreEvaluatorBehavior" name="test_long_identical_text" time="0.005" /><testcase classname="assets.evaluators.tests.test_evaluators_behavior.test_bleu_score_evaluator_behavior.TestBleuScoreEvaluatorBehavior" name="test_long_vs_short" time="0.004" /><testcase classname="assets.evaluators.tests.test_evaluators_behavior.test_bleu_score_evaluator_behavior.TestBleuScoreEvaluatorBehavior" name="test_code_text" time="0.004" /><testcase classname="assets.evaluators.tests.test_evaluators_behavior.test_bleu_score_evaluator_behavior.TestBleuScoreEvaluatorBehavior" name="test_numeric_text" time="0.003" /><testcase classname="assets.evaluators.tests.test_evaluators_behavior.test_bleu_score_evaluator_behavior.TestBleuScoreEvaluatorBehavior" name="test_none_response" time="0.001" /><testcase classname="assets.evaluators.tests.test_evaluators_behavior.test_bleu_score_evaluator_behavior.TestBleuScoreEvaluatorBehavior" name="test_none_ground_truth" time="0.001" /><testcase classname="assets.evaluators.tests.test_evaluators_behavior.test_bleu_score_evaluator_behavior.TestBleuScoreEvaluatorBehavior" name="test_both_none" time="0.001" /><testcase classname="assets.evaluators.tests.test_evaluators_behavior.test_bleu_score_evaluator_behavior.TestBleuScoreEvaluatorBehavior" name="test_invalid_response_type_int" time="0.004" /><testcase classname="assets.evaluators.tests.test_evaluators_behavior.test_bleu_score_evaluator_behavior.TestBleuScoreEvaluatorBehavior" name="test_invalid_response_type_list" time="0.003" /><testcase classname="assets.evaluators.tests.test_evaluators_behavior.test_bleu_score_evaluator_behavior.TestBleuScoreEvaluatorBehavior" name="test_invalid_ground_truth_type_dict" time="0.002" /><testcase classname="assets.evaluators.tests.test_evaluators_behavior.test_bleu_score_evaluator_behavior.TestBleuScoreEvaluatorBehavior" name="test_negative_threshold" time="0.003" /><testcase classname="assets.evaluators.tests.test_evaluators_behavior.test_bleu_score_evaluator_behavior.TestBleuScoreEvaluatorBehavior" name="test_threshold_greater_than_one" time="0.003" /><testcase classname="assets.evaluators.tests.test_evaluators_behavior.test_bleu_score_evaluator_behavior.TestBleuScoreEvaluatorBehavior" name="test_string_threshold_type" time="0.003" /><testcase classname="assets.evaluators.tests.test_evaluators_behavior.test_bleu_score_evaluator_behavior.TestBleuScoreEvaluatorBehavior" name="test_none_threshold_type" time="0.003" /><testcase classname="assets.evaluators.tests.test_evaluators_behavior.test_bleu_score_evaluator_behavior.TestBleuScoreEvaluatorBehavior" name="test_same_words_different_order" time="0.004" /><testcase classname="assets.evaluators.tests.test_evaluators_behavior.test_bleu_score_evaluator_behavior.TestBleuScoreEvaluatorBehavior" name="test_reversed_sentence" time="0.003" /><testcase classname="assets.evaluators.tests.test_evaluators_behavior.test_bleu_score_evaluator_behavior.TestBleuScoreEvaluatorBehavior" name="test_repeated_words" time="0.003" /><testcase classname="assets.evaluators.tests.test_evaluators_behavior.test_bleu_score_evaluator_behavior.TestBleuScoreEvaluatorBehavior" name="test_response_contains_ground_truth" time="0.004" /><testcase classname="assets.evaluators.tests.test_evaluators_behavior.test_bleu_score_evaluator_behavior.TestBleuScoreEvaluatorBehavior" name="test_ground_truth_contains_response" time="0.003" /><testcase classname="assets.evaluators.tests.test_evaluators_behavior.test_bleu_score_evaluator_behavior.TestBleuScoreEvaluatorBehavior" name="test_output_contains_required_keys" time="0.003" /><testcase classname="assets.evaluators.tests.test_evaluators_behavior.test_bleu_score_evaluator_behavior.TestBleuScoreEvaluatorBehavior" name="test_output_score_type" time="0.003" /><testcase classname="assets.evaluators.tests.test_evaluators_behavior.test_bleu_score_evaluator_behavior.TestBleuScoreEvaluatorBehavior" name="test_output_result_values" time="0.003" /><testcase classname="assets.evaluators.tests.test_evaluators_behavior.test_bleu_score_evaluator_behavior.TestBleuScoreEvaluatorBehavior" name="test_output_threshold_matches_input" time="0.004" /><testcase classname="assets.evaluators.tests.test_evaluators_behavior.test_coherence_evaluator_behavior.TestCoherenceEvaluatorBehavior" name="test_function_tool_local_calls" time="0.007" /><testcase classname="assets.evaluators.tests.test_evaluators_behavior.test_coherence_evaluator_behavior.TestCoherenceEvaluatorBehavior" name="test_code_interpreter" time="0.004" /><testcase classname="assets.evaluators.tests.test_evaluators_behavior.test_coherence_evaluator_behavior.TestCoherenceEvaluatorBehavior" name="test_bing_grounding" time="0.004" /><testcase classname="assets.evaluators.tests.test_evaluators_behavior.test_coherence_evaluator_behavior.TestCoherenceEvaluatorBehavior" name="test_bing_custom_search" time="0.004" /><testcase classname="assets.evaluators.tests.test_evaluators_behavior.test_coherence_evaluator_behavior.TestCoherenceEvaluatorBehavior" name="test_file_search" time="0.004" /><testcase classname="assets.evaluators.tests.test_evaluators_behavior.test_coherence_evaluator_behavior.TestCoherenceEvaluatorBehavior" name="test_azure_ai_search" time="0.004" /><testcase classname="assets.evaluators.tests.test_evaluators_behavior.test_coherence_evaluator_behavior.TestCoherenceEvaluatorBehavior" name="test_sharepoint_grounding" time="0.004" /><testcase classname="assets.evaluators.tests.test_evaluators_behavior.test_coherence_evaluator_behavior.TestCoherenceEvaluatorBehavior" name="test_fabric_data_agent" time="0.004" /><testcase classname="assets.evaluators.tests.test_evaluators_behavior.test_coherence_evaluator_behavior.TestCoherenceEvaluatorBehavior" name="test_openapi" time="0.004" /><testcase classname="assets.evaluators.tests.test_evaluators_behavior.test_coherence_evaluator_behavior.TestCoherenceEvaluatorBehavior" name="test_web_search" time="0.004" /><testcase classname="assets.evaluators.tests.test_evaluators_behavior.test_coherence_evaluator_behavior.TestCoherenceEvaluatorBehavior" name="test_browser_automation" time="0.004" /><testcase classname="assets.evaluators.tests.test_evaluators_behavior.test_coherence_evaluator_behavior.TestCoherenceEvaluatorBehavior" name="test_computer_use" time="0.004" /><testcase classname="assets.evaluators.tests.test_evaluators_behavior.test_coherence_evaluator_behavior.TestCoherenceEvaluatorBehavior" name="test_image_generation" time="0.004" /><testcase classname="assets.evaluators.tests.test_evaluators_behavior.test_coherence_evaluator_behavior.TestCoherenceEvaluatorBehavior" name="test_memory_search" time="0.004" /><testcase classname="assets.evaluators.tests.test_evaluators_behavior.test_coherence_evaluator_behavior.TestCoherenceEvaluatorBehavior" name="test_kb_mcp" time="0.004" /><testcase classname="assets.evaluators.tests.test_evaluators_behavior.test_coherence_evaluator_behavior.TestCoherenceEvaluatorBehavior" name="test_mcp" time="0.004" /><testcase classname="assets.evaluators.tests.test_evaluators_behavior.test_coherence_evaluator_behavior.TestCoherenceEvaluatorBehavior" name="test_all_valid_inputs" time="0.003" /><testcase classname="assets.evaluators.tests.test_evaluators_behavior.test_coherence_evaluator_behavior.TestCoherenceEvaluatorBehavior" name="test_query_not_present" time="0.003" /><testcase classname="assets.evaluators.tests.test_evaluators_behavior.test_coherence_evaluator_behavior.TestCoherenceEvaluatorBehavior" name="test_query_as_string" time="0.004" /><testcase classname="assets.evaluators.tests.test_evaluators_behavior.test_coherence_evaluator_behavior.TestCoherenceEvaluatorBehavior" name="test_query_invalid_format_as_string" time="0.004" /><testcase classname="assets.evaluators.tests.test_evaluators_behavior.test_coherence_evaluator_behavior.TestCoherenceEvaluatorBehavior" name="test_query_invalid_format" time="0.004" /><testcase classname="assets.evaluators.tests.test_evaluators_behavior.test_coherence_evaluator_behavior.TestCoherenceEvaluatorBehavior" name="test_query_wrong_type" time="0.003" /><testcase classname="assets.evaluators.tests.test_evaluators_behavior.test_coherence_evaluator_behavior.TestCoherenceEvaluatorBehavior" name="test_query_empty_list" time="0.004" /><testcase classname="assets.evaluators.tests.test_evaluators_behavior.test_coherence_evaluator_behavior.TestCoherenceEvaluatorBehavior" name="test_query_missing_role_parameter" time="0.003" /><testcase classname="assets.evaluators.tests.test_evaluators_behavior.test_coherence_evaluator_behavior.TestCoherenceEvaluatorBehavior" name="test_query_valid_system_role_parameter" time="0.004" /><testcase classname="assets.evaluators.tests.test_evaluators_behavior.test_coherence_evaluator_behavior.TestCoherenceEvaluatorBehavior" name="test_query_invalid_role_parameter" time="0.004" /><testcase classname="assets.evaluators.tests.test_evaluators_behavior.test_coherence_evaluator_behavior.TestCoherenceEvaluatorBehavior" name="test_query_missing_content_parameter" time="0.003" /><testcase classname="assets.evaluators.tests.test_evaluators_behavior.test_coherence_evaluator_behavior.TestCoherenceEvaluatorBehavior" name="test_query_empty_content_parameter" time="0.004" /><testcase classname="assets.evaluators.tests.test_evaluators_behavior.test_coherence_evaluator_behavior.TestCoherenceEvaluatorBehavior" name="test_query_invalid_content_parameter_type" time="0.003" /><testcase classname="assets.evaluators.tests.test_evaluators_behavior.test_coherence_evaluator_behavior.TestCoherenceEvaluatorBehavior" name="test_query_valid_content_parameter" time="0.004" /><testcase classname="assets.evaluators.tests.test_evaluators_behavior.test_coherence_evaluator_behavior.TestCoherenceEvaluatorBehavior" name="test_query_missing_text_parameter_in_content" time="0.003" /><testcase classname="assets.evaluators.tests.test_evaluators_behavior.test_coherence_evaluator_behavior.TestCoherenceEvaluatorBehavior" name="test_query_missing_type_parameter_in_content" time="0.004" /><testcase classname="assets.evaluators.tests.test_evaluators_behavior.test_coherence_evaluator_behavior.TestCoherenceEvaluatorBehavior" name="test_query_invalid_type_parameter_in_content" time="0.003" /><testcase classname="assets.evaluators.tests.test_evaluators_behavior.test_coherence_evaluator_behavior.TestCoherenceEvaluatorBehavior" name="test_query_valid_type_parameter_in_content" time="0.004" /><testcase classname="assets.evaluators.tests.test_evaluators_behavior.test_coherence_evaluator_behavior.TestCoherenceEvaluatorBehavior" name="test_response_not_present" time="0.003" /><testcase classname="assets.evaluators.tests.test_evaluators_behavior.test_coherence_evaluator_behavior.TestCoherenceEvaluatorBehavior" name="test_response_as_string" time="0.004" /><testcase classname="assets.evaluators.tests.test_evaluators_behavior.test_coherence_evaluator_behavior.TestCoherenceEvaluatorBehavior" name="test_response_invalid_format_as_string" time="0.003" /><testcase classname="assets.evaluators.tests.test_evaluators_behavior.test_coherence_evaluator_behavior.TestCoherenceEvaluatorBehavior" name="test_response_invalid_format" time="0.003" /><testcase classname="assets.evaluators.tests.test_evaluators_behavior.test_coherence_evaluator_behavior.TestCoherenceEvaluatorBehavior" name="test_response_wrong_type" time="0.004" /><testcase classname="assets.evaluators.tests.test_evaluators_behavior.test_coherence_evaluator_behavior.TestCoherenceEvaluatorBehavior" name="test_response_empty_list" time="0.003" /><testcase classname="assets.evaluators.tests.test_evaluators_behavior.test_coherence_evaluator_behavior.TestCoherenceEvaluatorBehavior" name="test_response_minimal_format" time="0.004" /><testcase classname="assets.evaluators.tests.test_evaluators_behavior.test_coherence_evaluator_behavior.TestCoherenceEvaluatorBehavior" name="test_response_missing_role_parameter" time="0.003" /><testcase classname="assets.evaluators.tests.test_evaluators_behavior.test_coherence_evaluator_behavior.TestCoherenceEvaluatorBehavior" name="test_response_invalid_role_parameter" time="0.004" /><testcase classname="assets.evaluators.tests.test_evaluators_behavior.test_coherence_evaluator_behavior.TestCoherenceEvaluatorBehavior" name="test_response_missing_content_parameter" time="0.004" /><testcase classname="assets.evaluators.tests.test_evaluators_behavior.test_coherence_evaluator_behavior.TestCoherenceEvaluatorBehavior" name="test_response_empty_content_parameter" time="0.004" /><testcase classname="assets.evaluators.tests.test_evaluators_behavior.test_coherence_evaluator_behavior.TestCoherenceEvaluatorBehavior" name="test_response_invalid_content_parameter_type" time="0.004" /><testcase classname="assets.evaluators.tests.test_evaluators_behavior.test_coherence_evaluator_behavior.TestCoherenceEvaluatorBehavior" name="test_response_valid_content_parameter" time="0.004" /><testcase classname="assets.evaluators.tests.test_evaluators_behavior.test_coherence_evaluator_behavior.TestCoherenceEvaluatorBehavior" name="test_response_missing_text_parameter_in_content" time="0.003" /><testcase classname="assets.evaluators.tests.test_evaluators_behavior.test_coherence_evaluator_behavior.TestCoherenceEvaluatorBehavior" name="test_response_missing_type_parameter_in_content" time="0.004" /><testcase classname="assets.evaluators.tests.test_evaluators_behavior.test_coherence_evaluator_behavior.TestCoherenceEvaluatorBehavior" name="test_response_invalid_type_parameter_in_content" time="0.003" /><testcase classname="assets.evaluators.tests.test_evaluators_behavior.test_coherence_evaluator_behavior.TestCoherenceEvaluatorBehavior" name="test_response_valid_type_parameter_in_content" time="0.004" /><testcase classname="assets.evaluators.tests.test_evaluators_behavior.test_coherence_evaluator_behavior.TestCoherenceEvaluatorBehavior" name="test_response_missing_tool_call_id_parameter" time="0.003" /><testcase classname="assets.evaluators.tests.test_evaluators_behavior.test_coherence_evaluator_behavior.TestCoherenceEvaluatorBehavior" name="test_response_missing_tool_result_parameter_in_content" time="0.004" /><testcase classname="assets.evaluators.tests.test_evaluators_behavior.test_coherence_evaluator_behavior.TestCoherenceEvaluatorBehavior" name="test_response_invalid_tool_result_parameter_in_content" time="0.003" /><testcase classname="assets.evaluators.tests.test_evaluators_behavior.test_coherence_evaluator_behavior.TestCoherenceEvaluatorBehavior" name="test_response_missing_tool_call_id_parameter_in_content" time="0.004" /><testcase classname="assets.evaluators.tests.test_evaluators_behavior.test_coherence_evaluator_behavior.TestCoherenceEvaluatorBehavior" name="test_response_missing_name_parameter_in_content" time="0.003" /><testcase classname="assets.evaluators.tests.test_evaluators_behavior.test_coherence_evaluator_behavior.TestCoherenceEvaluatorBehavior" name="test_response_missing_arguments_parameter_in_content" time="0.004" /><testcase classname="assets.evaluators.tests.test_evaluators_behavior.test_coherence_evaluator_behavior.TestCoherenceEvaluatorBehavior" name="test_response_invalid_arguments_parameter_in_content" time="0.003" /><testcase classname="assets.evaluators.tests.test_evaluators_behavior.test_coherence_evaluator_behavior.TestCoherenceEvaluatorBehavior" name="test_function_call_response" time="0.004"><failure message="AssertionError: Expected score to be None for not-applicable result but got '3'">assets/evaluators/tests/test_evaluators_behavior/base_evaluator_behavior_test.py:869: in test_function_call_response
    self.assert_not_applicable(result_data)
assets/evaluators/tests/common/base_evaluator_runner.py:267: in assert_not_applicable
    assert result_data[score_key] is None, \
           ^^^^^^^^^^^^^^^^^^^^^^^^^^^^^^
E   AssertionError: Expected score to be None for not-applicable result but got '3'</failure></testcase><testcase classname="assets.evaluators.tests.test_evaluators_behavior.test_coherence_evaluator_behavior.TestCoherenceEvaluatorBehavior" name="test_mcp_approval_response" time="0.004"><failure message="AssertionError: Expected score to be None for not-applicable result but got '3'">assets/evaluators/tests/test_evaluators_behavior/base_evaluator_behavior_test.py:891: in test_mcp_approval_response
    self.assert_not_applicable(result_data)
assets/evaluators/tests/common/base_evaluator_runner.py:267: in assert_not_applicable
    assert result_data[score_key] is None, \
           ^^^^^^^^^^^^^^^^^^^^^^^^^^^^^^
E   AssertionError: Expected score to be None for not-applicable result but got '3'</failure></testcase><testcase classname="assets.evaluators.tests.test_evaluators_behavior.test_customer_satisfaction_evaluator_behavior.TestCustomerSatisfactionEvaluatorBehavior" name="test_all_valid_inputs" time="0.018" /><testcase classname="assets.evaluators.tests.test_evaluators_behavior.test_customer_satisfaction_evaluator_behavior.TestCustomerSatisfactionEvaluatorBehavior" name="test_query_not_present" time="0.015" /><testcase classname="assets.evaluators.tests.test_evaluators_behavior.test_customer_satisfaction_evaluator_behavior.TestCustomerSatisfactionEvaluatorBehavior" name="test_query_as_string" time="0.015" /><testcase classname="assets.evaluators.tests.test_evaluators_behavior.test_customer_satisfaction_evaluator_behavior.TestCustomerSatisfactionEvaluatorBehavior" name="test_query_invalid_format_as_string" time="0.016" /><testcase classname="assets.evaluators.tests.test_evaluators_behavior.test_customer_satisfaction_evaluator_behavior.TestCustomerSatisfactionEvaluatorBehavior" name="test_query_invalid_format" time="0.015" /><testcase classname="assets.evaluators.tests.test_evaluators_behavior.test_customer_satisfaction_evaluator_behavior.TestCustomerSatisfactionEvaluatorBehavior" name="test_query_wrong_type" time="0.015" /><testcase classname="assets.evaluators.tests.test_evaluators_behavior.test_customer_satisfaction_evaluator_behavior.TestCustomerSatisfactionEvaluatorBehavior" name="test_query_empty_list" time="0.015" /><testcase classname="assets.evaluators.tests.test_evaluators_behavior.test_customer_satisfaction_evaluator_behavior.TestCustomerSatisfactionEvaluatorBehavior" name="test_query_missing_role_parameter" time="0.015" /><testcase classname="assets.evaluators.tests.test_evaluators_behavior.test_customer_satisfaction_evaluator_behavior.TestCustomerSatisfactionEvaluatorBehavior" name="test_query_valid_system_role_parameter" time="0.015" /><testcase classname="assets.evaluators.tests.test_evaluators_behavior.test_customer_satisfaction_evaluator_behavior.TestCustomerSatisfactionEvaluatorBehavior" name="test_query_invalid_role_parameter" time="0.016" /><testcase classname="assets.evaluators.tests.test_evaluators_behavior.test_customer_satisfaction_evaluator_behavior.TestCustomerSatisfactionEvaluatorBehavior" name="test_query_missing_content_parameter" time="0.016" /><testcase classname="assets.evaluators.tests.test_evaluators_behavior.test_customer_satisfaction_evaluator_behavior.TestCustomerSatisfactionEvaluatorBehavior" name="test_query_empty_content_parameter" time="0.015" /><testcase classname="assets.evaluators.tests.test_evaluators_behavior.test_customer_satisfaction_evaluator_behavior.TestCustomerSatisfactionEvaluatorBehavior" name="test_query_invalid_content_parameter_type" time="0.015" /><testcase classname="assets.evaluators.tests.test_evaluators_behavior.test_customer_satisfaction_evaluator_behavior.TestCustomerSatisfactionEvaluatorBehavior" name="test_query_valid_content_parameter" time="0.014" /><testcase classname="assets.evaluators.tests.test_evaluators_behavior.test_customer_satisfaction_evaluator_behavior.TestCustomerSatisfactionEvaluatorBehavior" name="test_query_missing_text_parameter_in_content" time="0.015" /><testcase classname="assets.evaluators.tests.test_evaluators_behavior.test_customer_satisfaction_evaluator_behavior.TestCustomerSatisfactionEvaluatorBehavior" name="test_query_missing_type_parameter_in_content" time="0.015" /><testcase classname="assets.evaluators.tests.test_evaluators_behavior.test_customer_satisfaction_evaluator_behavior.TestCustomerSatisfactionEvaluatorBehavior" name="test_query_invalid_type_parameter_in_content" time="0.015" /><testcase classname="assets.evaluators.tests.test_evaluators_behavior.test_customer_satisfaction_evaluator_behavior.TestCustomerSatisfactionEvaluatorBehavior" name="test_query_valid_type_parameter_in_content" time="0.015" /><testcase classname="assets.evaluators.tests.test_evaluators_behavior.test_customer_satisfaction_evaluator_behavior.TestCustomerSatisfactionEvaluatorBehavior" name="test_response_not_present" time="0.014" /><testcase classname="assets.evaluators.tests.test_evaluators_behavior.test_customer_satisfaction_evaluator_behavior.TestCustomerSatisfactionEvaluatorBehavior" name="test_response_as_string" time="0.015" /><testcase classname="assets.evaluators.tests.test_evaluators_behavior.test_customer_satisfaction_evaluator_behavior.TestCustomerSatisfactionEvaluatorBehavior" name="test_response_invalid_format_as_string" time="0.016" /><testcase classname="assets.evaluators.tests.test_evaluators_behavior.test_customer_satisfaction_evaluator_behavior.TestCustomerSatisfactionEvaluatorBehavior" name="test_response_invalid_format" time="0.015" /><testcase classname="assets.evaluators.tests.test_evaluators_behavior.test_customer_satisfaction_evaluator_behavior.TestCustomerSatisfactionEvaluatorBehavior" name="test_response_wrong_type" time="0.016" /><testcase classname="assets.evaluators.tests.test_evaluators_behavior.test_customer_satisfaction_evaluator_behavior.TestCustomerSatisfactionEvaluatorBehavior" name="test_response_empty_list" time="0.016" /><testcase classname="assets.evaluators.tests.test_evaluators_behavior.test_customer_satisfaction_evaluator_behavior.TestCustomerSatisfactionEvaluatorBehavior" name="test_response_minimal_format" time="0.020" /><testcase classname="assets.evaluators.tests.test_evaluators_behavior.test_customer_satisfaction_evaluator_behavior.TestCustomerSatisfactionEvaluatorBehavior" name="test_response_missing_role_parameter" time="0.015" /><testcase classname="assets.evaluators.tests.test_evaluators_behavior.test_customer_satisfaction_evaluator_behavior.TestCustomerSatisfactionEvaluatorBehavior" name="test_response_invalid_role_parameter" time="0.017" /><testcase classname="assets.evaluators.tests.test_evaluators_behavior.test_customer_satisfaction_evaluator_behavior.TestCustomerSatisfactionEvaluatorBehavior" name="test_response_missing_content_parameter" time="0.016" /><testcase classname="assets.evaluators.tests.test_evaluators_behavior.test_customer_satisfaction_evaluator_behavior.TestCustomerSatisfactionEvaluatorBehavior" name="test_response_empty_content_parameter" time="0.017" /><testcase classname="assets.evaluators.tests.test_evaluators_behavior.test_customer_satisfaction_evaluator_behavior.TestCustomerSatisfactionEvaluatorBehavior" name="test_response_invalid_content_parameter_type" time="0.016" /><testcase classname="assets.evaluators.tests.test_evaluators_behavior.test_customer_satisfaction_evaluator_behavior.TestCustomerSatisfactionEvaluatorBehavior" name="test_response_valid_content_parameter" time="0.016" /><testcase classname="assets.evaluators.tests.test_evaluators_behavior.test_customer_satisfaction_evaluator_behavior.TestCustomerSatisfactionEvaluatorBehavior" name="test_response_missing_text_parameter_in_content" time="0.015" /><testcase classname="assets.evaluators.tests.test_evaluators_behavior.test_customer_satisfaction_evaluator_behavior.TestCustomerSatisfactionEvaluatorBehavior" name="test_response_missing_type_parameter_in_content" time="0.016" /><testcase classname="assets.evaluators.tests.test_evaluators_behavior.test_customer_satisfaction_evaluator_behavior.TestCustomerSatisfactionEvaluatorBehavior" name="test_response_invalid_type_parameter_in_content" time="0.016" /><testcase classname="assets.evaluators.tests.test_evaluators_behavior.test_customer_satisfaction_evaluator_behavior.TestCustomerSatisfactionEvaluatorBehavior" name="test_response_valid_type_parameter_in_content" time="0.017" /><testcase classname="assets.evaluators.tests.test_evaluators_behavior.test_customer_satisfaction_evaluator_behavior.TestCustomerSatisfactionEvaluatorBehavior" name="test_response_missing_tool_call_id_parameter" time="0.017" /><testcase classname="assets.evaluators.tests.test_evaluators_behavior.test_customer_satisfaction_evaluator_behavior.TestCustomerSatisfactionEvaluatorBehavior" name="test_response_missing_tool_result_parameter_in_content" time="0.016" /><testcase classname="assets.evaluators.tests.test_evaluators_behavior.test_customer_satisfaction_evaluator_behavior.TestCustomerSatisfactionEvaluatorBehavior" name="test_response_invalid_tool_result_parameter_in_content" time="0.016" /><testcase classname="assets.evaluators.tests.test_evaluators_behavior.test_customer_satisfaction_evaluator_behavior.TestCustomerSatisfactionEvaluatorBehavior" name="test_response_missing_tool_call_id_parameter_in_content" time="0.015" /><testcase classname="assets.evaluators.tests.test_evaluators_behavior.test_customer_satisfaction_evaluator_behavior.TestCustomerSatisfactionEvaluatorBehavior" name="test_response_missing_name_parameter_in_content" time="0.015" /><testcase classname="assets.evaluators.tests.test_evaluators_behavior.test_customer_satisfaction_evaluator_behavior.TestCustomerSatisfactionEvaluatorBehavior" name="test_response_missing_arguments_parameter_in_content" time="0.016" /><testcase classname="assets.evaluators.tests.test_evaluators_behavior.test_customer_satisfaction_evaluator_behavior.TestCustomerSatisfactionEvaluatorBehavior" name="test_response_invalid_arguments_parameter_in_content" time="0.016" /><testcase classname="assets.evaluators.tests.test_evaluators_behavior.test_customer_satisfaction_evaluator_behavior.TestCustomerSatisfactionEvaluatorBehavior" name="test_function_call_response" time="0.016"><failure message="AssertionError: Expected score to be None for not-applicable result but got '3'">assets/evaluators/tests/test_evaluators_behavior/base_evaluator_behavior_test.py:869: in test_function_call_response
    self.assert_not_applicable(result_data)
assets/evaluators/tests/common/base_evaluator_runner.py:267: in assert_not_applicable
    assert result_data[score_key] is None, \
           ^^^^^^^^^^^^^^^^^^^^^^^^^^^^^^
E   AssertionError: Expected score to be None for not-applicable result but got '3'</failure></testcase><testcase classname="assets.evaluators.tests.test_evaluators_behavior.test_customer_satisfaction_evaluator_behavior.TestCustomerSatisfactionEvaluatorBehavior" name="test_mcp_approval_response" time="0.017"><failure message="AssertionError: Expected score to be None for not-applicable result but got '3'">assets/evaluators/tests/test_evaluators_behavior/base_evaluator_behavior_test.py:891: in test_mcp_approval_response
    self.assert_not_applicable(result_data)
assets/evaluators/tests/common/base_evaluator_runner.py:267: in assert_not_applicable
    assert result_data[score_key] is None, \
           ^^^^^^^^^^^^^^^^^^^^^^^^^^^^^^
E   AssertionError: Expected score to be None for not-applicable result but got '3'</failure></testcase><testcase classname="assets.evaluators.tests.test_evaluators_behavior.test_customer_satisfaction_evaluator_behavior.TestCustomerSatisfactionSessionBehavior" name="test_messages_valid_input" time="0.016" /><testcase classname="assets.evaluators.tests.test_evaluators_behavior.test_customer_satisfaction_evaluator_behavior.TestCustomerSatisfactionSessionBehavior" name="test_messages_empty_list_raises_error" time="0.015" /><testcase classname="assets.evaluators.tests.test_evaluators_behavior.test_customer_satisfaction_evaluator_behavior.TestCustomerSatisfactionSessionBehavior" name="test_messages_invalid_type_raises_error" time="0.015" /><testcase classname="assets.evaluators.tests.test_evaluators_behavior.test_customer_satisfaction_evaluator_behavior.TestCustomerSatisfactionSessionBehavior" name="test_messages_with_system_message" time="0.016" /><testcase classname="assets.evaluators.tests.test_evaluators_behavior.test_customer_satisfaction_evaluator_behavior.TestCustomerSatisfactionSessionBehavior" name="test_messages_with_tool_calls" time="0.014" /><testcase classname="assets.evaluators.tests.test_evaluators_behavior.test_customer_satisfaction_evaluator_behavior.TestCustomerSatisfactionSessionBehavior" name="test_messages_intermediate_response" time="0.015" /><testcase classname="assets.evaluators.tests.test_evaluators_behavior.test_customer_satisfaction_evaluator_behavior.TestCustomerSatisfactionSessionBehavior" name="test_messages_string_content" time="0.015" /><testcase classname="assets.evaluators.tests.test_evaluators_behavior.test_customer_satisfaction_evaluator_behavior.TestCustomerSatisfactionSessionBehavior" name="test_messages_uses_multi_turn_flow" time="0.015" /><testcase classname="assets.evaluators.tests.test_evaluators_behavior.test_customer_satisfaction_evaluator_behavior.TestCustomerSatisfactionSessionBehavior" name="test_query_response_uses_single_turn_flow" time="0.016" /><testcase classname="assets.evaluators.tests.test_evaluators_behavior.test_customer_satisfaction_evaluator_behavior.TestCustomerSatisfactionSessionBehavior" name="test_messages_with_mcp_approval" time="0.015" /><testcase classname="assets.evaluators.tests.test_evaluators_behavior.test_customer_satisfaction_evaluator_behavior.TestCustomerSatisfactionSessionBehavior" name="test_messages_with_non_dict_items_raises_error" time="0.015" /><testcase classname="assets.evaluators.tests.test_evaluators_behavior.test_customer_satisfaction_evaluator_behavior.TestCustomerSatisfactionSessionBehavior" name="test_messages_rejects_invalid_role" time="0.014" /><testcase classname="assets.evaluators.tests.test_evaluators_behavior.test_customer_satisfaction_evaluator_behavior.TestCustomerSatisfactionSessionBehavior" name="test_messages_rejects_missing_role_key" time="0.014" /><testcase classname="assets.evaluators.tests.test_evaluators_behavior.test_customer_satisfaction_evaluator_behavior.TestCustomerSatisfactionSessionBehavior" name="test_messages_rejects_no_user_message" time="0.014" /><testcase classname="assets.evaluators.tests.test_evaluators_behavior.test_customer_satisfaction_evaluator_behavior.TestCustomerSatisfactionSessionBehavior" name="test_messages_rejects_no_assistant_message" time="0.014" /><testcase classname="assets.evaluators.tests.test_evaluators_behavior.test_customer_satisfaction_evaluator_behavior.TestCustomerSatisfactionSessionBehavior" name="test_messages_rejects_conversation_ending_with_user" time="0.014" /><testcase classname="assets.evaluators.tests.test_evaluators_behavior.test_customer_satisfaction_evaluator_behavior.TestCustomerSatisfactionSessionBehavior" name="test_messages_rejects_conversation_ending_with_tool" time="0.014" /><testcase classname="assets.evaluators.tests.test_evaluators_behavior.test_customer_satisfaction_evaluator_behavior.TestCustomerSatisfactionSessionBehavior" name="test_messages_allows_consecutive_user_messages" time="0.014" /><testcase classname="assets.evaluators.tests.test_evaluators_behavior.test_customer_satisfaction_evaluator_behavior.TestCustomerSatisfactionSessionBehavior" name="test_messages_allows_consecutive_assistant_messages" time="0.014" /><testcase classname="assets.evaluators.tests.test_evaluators_behavior.test_customer_satisfaction_evaluator_behavior.TestCustomerSatisfactionSessionBehavior" name="test_messages_allows_developer_role" time="0.014" /><testcase classname="assets.evaluators.tests.test_evaluators_behavior.test_deflection_rate_evaluator_behavior.TestDeflectionRateEvaluatorBehavior" name="test_all_valid_inputs" time="0.012" /><testcase classname="assets.evaluators.tests.test_evaluators_behavior.test_deflection_rate_evaluator_behavior.TestDeflectionRateEvaluatorBehavior" name="test_query_not_present" time="0.012" /><testcase classname="assets.evaluators.tests.test_evaluators_behavior.test_deflection_rate_evaluator_behavior.TestDeflectionRateEvaluatorBehavior" name="test_query_as_string" time="0.012" /><testcase classname="assets.evaluators.tests.test_evaluators_behavior.test_deflection_rate_evaluator_behavior.TestDeflectionRateEvaluatorBehavior" name="test_query_invalid_format_as_string" time="0.012" /><testcase classname="assets.evaluators.tests.test_evaluators_behavior.test_deflection_rate_evaluator_behavior.TestDeflectionRateEvaluatorBehavior" name="test_query_invalid_format" time="0.013" /><testcase classname="assets.evaluators.tests.test_evaluators_behavior.test_deflection_rate_evaluator_behavior.TestDeflectionRateEvaluatorBehavior" name="test_query_wrong_type" time="0.012" /><testcase classname="assets.evaluators.tests.test_evaluators_behavior.test_deflection_rate_evaluator_behavior.TestDeflectionRateEvaluatorBehavior" name="test_query_empty_list" time="0.012" /><testcase classname="assets.evaluators.tests.test_evaluators_behavior.test_deflection_rate_evaluator_behavior.TestDeflectionRateEvaluatorBehavior" name="test_query_missing_role_parameter" time="0.012" /><testcase classname="assets.evaluators.tests.test_evaluators_behavior.test_deflection_rate_evaluator_behavior.TestDeflectionRateEvaluatorBehavior" name="test_query_valid_system_role_parameter" time="0.012" /><testcase classname="assets.evaluators.tests.test_evaluators_behavior.test_deflection_rate_evaluator_behavior.TestDeflectionRateEvaluatorBehavior" name="test_query_invalid_role_parameter" time="0.012" /><testcase time="0.000" /><testcase classname="pytest" name="internal" time="0.000"><error message="internal error">Traceback (most recent call last):
  File "/home/runner/.local/lib/python3.12/site-packages/_pytest/main.py", line 318, in wrap_session
    session.exitstatus = doit(config, session) or 0
                         ^^^^^^^^^^^^^^^^^^^^^
  File "/home/runner/.local/lib/python3.12/site-packages/_pytest/main.py", line 372, in _main
    config.hook.pytest_runtestloop(session=session)
  File "/home/runner/.local/lib/python3.12/site-packages/pluggy/_hooks.py", line 512, in __call__
    return self._hookexec(self.name, self._hookimpls.copy(), kwargs, firstresult)
           ^^^^^^^^^^^^^^^^^^^^^^^^^^^^^^^^^^^^^^^^^^^^^^^^^^^^^^^^^^^^^^^^^^^^^^
  File "/home/runner/.local/lib/python3.12/site-packages/pluggy/_manager.py", line 120, in _hookexec
    return self._inner_hookexec(hook_name, methods, kwargs, firstresult)
           ^^^^^^^^^^^^^^^^^^^^^^^^^^^^^^^^^^^^^^^^^^^^^^^^^^^^^^^^^^^^^
  File "/home/runner/.local/lib/python3.12/site-packages/pluggy/_callers.py", line 167, in _multicall
    raise exception
  File "/home/runner/.local/lib/python3.12/site-packages/pluggy/_callers.py", line 139, in _multicall
    teardown.throw(exception)
  File "/home/runner/.local/lib/python3.12/site-packages/_pytest/logging.py", line 801, in pytest_runtestloop
    return (yield)  # Run all the tests.
            ^^^^^
  File "/home/runner/.local/lib/python3.12/site-packages/pluggy/_callers.py", line 139, in _multicall
    teardown.throw(exception)
  File "/home/runner/.local/lib/python3.12/site-packages/_pytest/terminal.py", line 707, in pytest_runtestloop
    result = yield
             ^^^^^
  File "/home/runner/.local/lib/python3.12/site-packages/pluggy/_callers.py", line 121, in _multicall
    res = hook_impl.function(*args)
          ^^^^^^^^^^^^^^^^^^^^^^^^^
  File "/home/runner/.local/lib/python3.12/site-packages/_pytest/main.py", line 396, in pytest_runtestloop
    item.config.hook.pytest_runtest_protocol(item=item, nextitem=nextitem)
  File "/home/runner/.local/lib/python3.12/site-packages/pluggy/_hooks.py", line 512, in __call__
    return self._hookexec(self.name, self._hookimpls.copy(), kwargs, firstresult)
           ^^^^^^^^^^^^^^^^^^^^^^^^^^^^^^^^^^^^^^^^^^^^^^^^^^^^^^^^^^^^^^^^^^^^^^
  File "/home/runner/.local/lib/python3.12/site-packages/pluggy/_manager.py", line 120, in _hookexec
    return self._inner_hookexec(hook_name, methods, kwargs, firstresult)
           ^^^^^^^^^^^^^^^^^^^^^^^^^^^^^^^^^^^^^^^^^^^^^^^^^^^^^^^^^^^^^
  File "/home/runner/.local/lib/python3.12/site-packages/pluggy/_callers.py", line 167, in _multicall
    raise exception
  File "/home/runner/.local/lib/python3.12/site-packages/pluggy/_callers.py", line 139, in _multicall
    teardown.throw(exception)
  File "/home/runner/.local/lib/python3.12/site-packages/_pytest/warnings.py", line 89, in pytest_runtest_protocol
    return (yield)
            ^^^^^
  File "/home/runner/.local/lib/python3.12/site-packages/pluggy/_callers.py", line 139, in _multicall
    teardown.throw(exception)
  File "/home/runner/.local/lib/python3.12/site-packages/_pytest/assertion/__init__.py", line 192, in pytest_runtest_protocol
    return (yield)
            ^^^^^
  File "/home/runner/.local/lib/python3.12/site-packages/pluggy/_callers.py", line 139, in _multicall
    teardown.throw(exception)
  File "/home/runner/.local/lib/python3.12/site-packages/_pytest/unittest.py", line 591, in pytest_runtest_protocol
    return (yield)
            ^^^^^
  File "/home/runner/.local/lib/python3.12/site-packages/pluggy/_callers.py", line 139, in _multicall
    teardown.throw(exception)
  File "/home/runner/.local/lib/python3.12/site-packages/_pytest/faulthandler.py", line 102, in pytest_runtest_protocol
    return (yield)
            ^^^^^
  File "/home/runner/.local/lib/python3.12/site-packages/pluggy/_callers.py", line 121, in _multicall
    res = hook_impl.function(*args)
          ^^^^^^^^^^^^^^^^^^^^^^^^^
  File "/home/runner/.local/lib/python3.12/site-packages/_pytest/runner.py", line 118, in pytest_runtest_protocol
    runtestprotocol(item, nextitem=nextitem)
  File "/home/runner/.local/lib/python3.12/site-packages/_pytest/runner.py", line 137, in runtestprotocol
    reports.append(call_and_report(item, "call", log))
                   ^^^^^^^^^^^^^^^^^^^^^^^^^^^^^^^^^^
  File "/home/runner/.local/lib/python3.12/site-packages/_pytest/runner.py", line 251, in call_and_report
    ihook.pytest_runtest_logreport(report=report)
  File "/home/runner/.local/lib/python3.12/site-packages/pluggy/_hooks.py", line 512, in __call__
    return self._hookexec(self.name, self._hookimpls.copy(), kwargs, firstresult)
           ^^^^^^^^^^^^^^^^^^^^^^^^^^^^^^^^^^^^^^^^^^^^^^^^^^^^^^^^^^^^^^^^^^^^^^
  File "/home/runner/.local/lib/python3.12/site-packages/pluggy/_manager.py", line 120, in _hookexec
    return self._inner_hookexec(hook_name, methods, kwargs, firstresult)
           ^^^^^^^^^^^^^^^^^^^^^^^^^^^^^^^^^^^^^^^^^^^^^^^^^^^^^^^^^^^^^
  File "/home/runner/.local/lib/python3.12/site-packages/pluggy/_callers.py", line 167, in _multicall
    raise exception
  File "/home/runner/.local/lib/python3.12/site-packages/pluggy/_callers.py", line 121, in _multicall
    res = hook_impl.function(*args)
          ^^^^^^^^^^^^^^^^^^^^^^^^^
  File "/home/runner/.local/lib/python3.12/site-packages/_pytest/terminal.py", line 685, in pytest_runtest_logreport
    self._write_progress_information_filling_space()
  File "/home/runner/.local/lib/python3.12/site-packages/_pytest/terminal.py", line 785, in _write_progress_information_filling_space
    self.write(msg.rjust(fill), flush=True, **{color: True})
  File "/home/runner/.local/lib/python3.12/site-packages/_pytest/terminal.py", line 525, in write
    self._tw.write(content, flush=flush, **markup)
  File "/home/runner/.local/lib/python3.12/site-packages/_pytest/_io/terminalwriter.py", line 164, in write
    self.write_raw(msg, flush=flush)
  File "/home/runner/.local/lib/python3.12/site-packages/_pytest/_io/terminalwriter.py", line 180, in write_raw
    self.flush()
  File "/home/runner/.local/lib/python3.12/site-packages/_pytest/_io/terminalwriter.py", line 187, in flush
    self._file.flush()
BrokenPipeError: [Errno 32] Broken pipe</error></testcase></testsuite></testsuites>